[    0.000000] Linux version 4.15.0-212-generic (buildd@lcy02-amd64-083) (gcc version 7.5.0 (Ubuntu 7.5.0-3ubuntu1~18.04)) #223-Ubuntu SMP Tue May 23 13:09:22 UTC 2023 (Ubuntu 4.15.0-212.223-generic 4.15.18)
[    0.000000] Command line: BOOT_IMAGE=/boot/vmlinuz-4.15.0-212-generic root=LABEL=cloudimg-rootfs ro console=tty1 console=ttyS0
[    0.000000] KERNEL supported cpus:
[    0.000000]   Intel GenuineIntel
[    0.000000]   AMD AuthenticAMD
[    0.000000]   Centaur CentaurHauls
[    0.000000] x86/fpu: x87 FPU will use FXSAVE
[    0.000000] e820: BIOS-provided physical RAM map:
[    0.000000] BIOS-e820: [mem 0x0000000000000000-0x000000000009fbff] usable
[    0.000000] BIOS-e820: [mem 0x000000000009fc00-0x000000000009ffff] reserved
[    0.000000] BIOS-e820: [mem 0x00000000000f0000-0x00000000000fffff] reserved
[    0.000000] BIOS-e820: [mem 0x0000000000100000-0x000000007ffeffff] usable
[    0.000000] BIOS-e820: [mem 0x000000007fff0000-0x000000007fffffff] ACPI data
[    0.000000] BIOS-e820: [mem 0x00000000fec00000-0x00000000fec00fff] reserved
[    0.000000] BIOS-e820: [mem 0x00000000fee00000-0x00000000fee00fff] reserved
[    0.000000] BIOS-e820: [mem 0x00000000fffc0000-0x00000000ffffffff] reserved
[    0.000000] NX (Execute Disable) protection: active
[    0.000000] SMBIOS 2.5 present.
[    0.000000] DMI: innotek GmbH VirtualBox/VirtualBox, BIOS VirtualBox 12/01/2006
[    0.000000] Hypervisor detected: KVM
[    0.000000] e820: last_pfn = 0x7fff0 max_arch_pfn = 0x400000000
[    0.000000] x86/PAT: Configuration [0-7]: WB  WC  UC- UC  WB  WP  UC- WT  
[    0.000000] CPU MTRRs all blank - virtualized system.
[    0.000000] found SMP MP-table at [mem 0x0009fbf0-0x0009fbff]
[    0.000000] Scanning 1 areas for low memory corruption
[    0.000000] RAMDISK: [mem 0x359cb000-0x36cdcfff]
[    0.000000] ACPI: Early table checksum verification disabled
[    0.000000] ACPI: RSDP 0x00000000000E0000 000024 (v02 VBOX  )
[    0.000000] ACPI: XSDT 0x000000007FFF0030 00003C (v01 VBOX   VBOXXSDT 00000001 ASL  00000061)
[    0.000000] ACPI: FACP 0x000000007FFF00F0 0000F4 (v04 VBOX   VBOXFACP 00000001 ASL  00000061)
[    0.000000] ACPI: DSDT 0x000000007FFF0610 002353 (v02 VBOX   VBOXBIOS 00000002 INTL 20100528)
[    0.000000] ACPI: FACS 0x000000007FFF0200 000040
[    0.000000] ACPI: FACS 0x000000007FFF0200 000040
[    0.000000] ACPI: APIC 0x000000007FFF0240 00005C (v02 VBOX   VBOXAPIC 00000001 ASL  00000061)
[    0.000000] ACPI: SSDT 0x000000007FFF02A0 00036C (v01 VBOX   VBOXCPUT 00000002 INTL 20100528)
[    0.000000] ACPI: Reserving FACP table memory at [mem 0x7fff00f0-0x7fff01e3]
[    0.000000] ACPI: Reserving DSDT table memory at [mem 0x7fff0610-0x7fff2962]
[    0.000000] ACPI: Reserving FACS table memory at [mem 0x7fff0200-0x7fff023f]
[    0.000000] ACPI: Reserving FACS table memory at [mem 0x7fff0200-0x7fff023f]
[    0.000000] ACPI: Reserving APIC table memory at [mem 0x7fff0240-0x7fff029b]
[    0.000000] ACPI: Reserving SSDT table memory at [mem 0x7fff02a0-0x7fff060b]
[    0.000000] No NUMA configuration found
[    0.000000] Faking a node at [mem 0x0000000000000000-0x000000007ffeffff]
[    0.000000] NODE_DATA(0) allocated [mem 0x7ffc5000-0x7ffeffff]
[    0.000000] kvm-clock: cpu 0, msr 0:7ff44001, primary cpu clock
[    0.000000] kvm-clock: Using msrs 4b564d01 and 4b564d00
[    0.000000] kvm-clock: using sched offset of 5148482484 cycles
[    0.000000] clocksource: kvm-clock: mask: 0xffffffffffffffff max_cycles: 0x1cd42e4dffb, max_idle_ns: 881590591483 ns
[    0.000000] Zone ranges:
[    0.000000]   DMA      [mem 0x0000000000001000-0x0000000000ffffff]
[    0.000000]   DMA32    [mem 0x0000000001000000-0x000000007ffeffff]
[    0.000000]   Normal   empty
[    0.000000]   Device   empty
[    0.000000] Movable zone start for each node
[    0.000000] Early memory node ranges
[    0.000000]   node   0: [mem 0x0000000000001000-0x000000000009efff]
[    0.000000]   node   0: [mem 0x0000000000100000-0x000000007ffeffff]
[    0.000000] Reserved but unavailable: 104 pages
[    0.000000] Initmem setup node 0 [mem 0x0000000000001000-0x000000007ffeffff]
[    0.000000] ACPI: PM-Timer IO Port: 0x4008
[    0.000000] IOAPIC[0]: apic_id 2, version 32, address 0xfec00000, GSI 0-23
[    0.000000] ACPI: INT_SRC_OVR (bus 0 bus_irq 0 global_irq 2 dfl dfl)
[    0.000000] ACPI: INT_SRC_OVR (bus 0 bus_irq 9 global_irq 9 low level)
[    0.000000] Using ACPI (MADT) for SMP configuration information
[    0.000000] smpboot: Allowing 2 CPUs, 0 hotplug CPUs
[    0.000000] PM: Registered nosave memory: [mem 0x00000000-0x00000fff]
[    0.000000] PM: Registered nosave memory: [mem 0x0009f000-0x0009ffff]
[    0.000000] PM: Registered nosave memory: [mem 0x000a0000-0x000effff]
[    0.000000] PM: Registered nosave memory: [mem 0x000f0000-0x000fffff]
[    0.000000] e820: [mem 0x80000000-0xfebfffff] available for PCI devices
[    0.000000] Booting paravirtualized kernel on KVM
[    0.000000] clocksource: refined-jiffies: mask: 0xffffffff max_cycles: 0xffffffff, max_idle_ns: 7645519600211568 ns
[    0.000000] setup_percpu: NR_CPUS:8192 nr_cpumask_bits:2 nr_cpu_ids:2 nr_node_ids:1
[    0.000000] percpu: Embedded 50 pages/cpu s167936 r8192 d28672 u1048576
[    0.000000] PV qspinlock hash table entries: 256 (order: 0, 4096 bytes)
[    0.000000] Built 1 zonelists, mobility grouping on.  Total pages: 515961
[    0.000000] Policy zone: DMA32
[    0.000000] Kernel command line: BOOT_IMAGE=/boot/vmlinuz-4.15.0-212-generic root=LABEL=cloudimg-rootfs ro console=tty1 console=ttyS0
[    0.000000] Memory: 2014836K/2096696K available (12300K kernel code, 2477K rwdata, 4324K rodata, 2480K init, 2720K bss, 81860K reserved, 0K cma-reserved)
[    0.000000] SLUB: HWalign=64, Order=0-3, MinObjects=0, CPUs=2, Nodes=1
[    0.000000] ftrace: allocating 39508 entries in 155 pages
[    0.004000] Hierarchical RCU implementation.
[    0.004000] 	RCU restricting CPUs from NR_CPUS=8192 to nr_cpu_ids=2.
[    0.004000] 	Tasks RCU enabled.
[    0.004000] RCU: Adjusting geometry for rcu_fanout_leaf=16, nr_cpu_ids=2
[    0.004000] NR_IRQS: 524544, nr_irqs: 440, preallocated irqs: 16
[    0.004000] random: crng init done
[    0.004000] Console: colour VGA+ 80x25
[    0.004000] console [tty1] enabled
[    0.004000] console [ttyS0] enabled
[    0.004000] ACPI: Core revision 20170831
[    0.004000] ACPI: 2 ACPI AML tables successfully acquired and loaded
[    0.004000] APIC: Switch to symmetric I/O mode setup
[    0.008000] ..TIMER: vector=0x30 apic1=0 pin1=2 apic2=-1 pin2=-1
[    0.008015] tsc: Detected 2995.456 MHz processor
[    0.012018] Calibrating delay loop (skipped) preset value.. 5990.91 BogoMIPS (lpj=11981824)
[    0.016015] pid_max: default: 32768 minimum: 301
[    0.020209] Security Framework initialized
[    0.024010] Yama: becoming mindful.
[    0.028163] AppArmor: AppArmor initialized
[    0.044138] Dentry cache hash table entries: 262144 (order: 9, 2097152 bytes)
[    0.060000] Inode-cache hash table entries: 131072 (order: 8, 1048576 bytes)
[    0.060322] Mount-cache hash table entries: 4096 (order: 3, 32768 bytes)
[    0.064342] Mountpoint-cache hash table entries: 4096 (order: 3, 32768 bytes)
[    0.074188] Last level iTLB entries: 4KB 0, 2MB 0, 4MB 0
[    0.076009] Last level dTLB entries: 4KB 0, 2MB 0, 4MB 0, 1GB 0
[    0.080010] Spectre V1 : Mitigation: usercopy/swapgs barriers and __user pointer sanitization
[    0.084012] Spectre V2 : Mitigation: Enhanced IBRS
[    0.088004] Spectre V2 : Spectre v2 / SpectreRSB mitigation: Filling RSB on context switch
[    0.092008] Spectre V2 : Spectre v2 / PBRSB-eIBRS: Retire a single CALL on VMEXIT
[    0.096005] RETBleed: Mitigation: Enhanced IBRS
[    0.100004] Speculative Store Bypass: Vulnerable
[    0.104237] Freeing SMP alternatives memory: 36K
[    0.229867] APIC calibration not consistent with PM-Timer: 104ms instead of 100ms
[    0.232000] APIC delta adjusted to PM-Timer: 6320434 (6605668)
[    0.232430] smpboot: CPU0: 11th Gen Intel(R) Core(TM) i7-1185G7 @ 3.00GHz (family: 0x6, model: 0x8c, stepping: 0x1)
[    0.236604] Performance Events: unsupported p6 CPU model 140 no PMU driver, software events only.
[    0.240186] Hierarchical SRCU implementation.
[    0.245475] NMI watchdog: Perf event create on CPU 0 failed with -2
[    0.248089] NMI watchdog: Perf NMI watchdog permanently disabled
[    0.252748] smp: Bringing up secondary CPUs ...
[    0.260365] x86: Booting SMP configuration:
[    0.264007] .... node  #0, CPUs:      #1
[    0.004000] kvm-clock: cpu 1, msr 0:7ff44041, secondary cpu clock
[    0.284222] smp: Brought up 1 node, 2 CPUs
[    0.288012] smpboot: Max logical packages: 1
[    0.292012] smpboot: Total of 2 processors activated (11981.82 BogoMIPS)
[    0.300885] devtmpfs: initialized
[    0.304148] x86/mm: Memory block size: 128MB
[    0.308762] evm: security.selinux
[    0.312003] evm: security.SMACK64
[    0.316008] evm: security.SMACK64EXEC
[    0.320003] evm: security.SMACK64TRANSMUTE
[    0.324006] evm: security.SMACK64MMAP
[    0.328005] evm: security.apparmor
[    0.332005] evm: security.ima
[    0.336004] evm: security.capability
[    0.344736] clocksource: jiffies: mask: 0xffffffff max_cycles: 0xffffffff, max_idle_ns: 7645041785100000 ns
[    0.348026] futex hash table entries: 512 (order: 3, 32768 bytes)
[    0.352253] pinctrl core: initialized pinctrl subsystem
[    0.360778] RTC time: 15:14:01, date: 07/02/25
[    0.369712] NET: Registered protocol family 16
[    0.372227] audit: initializing netlink subsys (disabled)
[    0.380301] audit: type=2000 audit(1751469247.544:1): state=initialized audit_enabled=0 res=1
[    0.400020] cpuidle: using governor ladder
[    0.404019] cpuidle: using governor menu
[    0.408079] ACPI: bus type PCI registered
[    0.412008] acpiphp: ACPI Hot Plug PCI Controller Driver version: 0.5
[    0.416808] PCI: Using configuration type 1 for base access
[    0.428416] HugeTLB registered 2.00 MiB page size, pre-allocated 0 pages
[    0.456656] ACPI: Added _OSI(Module Device)
[    0.464256] ACPI: Added _OSI(Processor Device)
[    0.476011] ACPI: Added _OSI(3.0 _SCP Extensions)
[    0.484011] ACPI: Added _OSI(Processor Aggregator Device)
[    0.496016] ACPI: Added _OSI(Linux-Dell-Video)
[    0.504014] ACPI: Added _OSI(Linux-Lenovo-NV-HDMI-Audio)
[    0.516016] ACPI: Added _OSI(Linux-HPI-Hybrid-Graphics)
[    0.530195] ACPI: Executed 1 blocks of module-level executable AML code
[    0.549840] ACPI: Interpreter enabled
[    0.556025] ACPI: (supports S0 S5)
[    0.564009] ACPI: Using IOAPIC for interrupt routing
[    0.572611] PCI: Using host bridge windows from ACPI; if necessary, use "pci=nocrs" and report a bug
[    0.584420] ACPI: Enabled 2 GPEs in block 00 to 07
[    0.612653] ACPI: PCI Root Bridge [PCI0] (domain 0000 [bus 00-ff])
[    0.620011] acpi PNP0A03:00: _OSC: OS supports [ASPM ClockPM Segments MSI]
[    0.629673] acpi PNP0A03:00: _OSC: not requesting OS control; OS requires [ExtendedConfig ASPM ClockPM MSI]
[    0.648036] acpi PNP0A03:00: fail to add MMCONFIG information, can't access extended PCI configuration space under this bridge.
[    0.664940] PCI host bridge to bus 0000:00
[    0.672009] pci_bus 0000:00: root bus resource [io  0x0000-0x0cf7 window]
[    0.680009] pci_bus 0000:00: root bus resource [io  0x0d00-0xffff window]
[    0.688005] pci_bus 0000:00: root bus resource [mem 0x000a0000-0x000bffff window]
[    0.700012] pci_bus 0000:00: root bus resource [mem 0x80000000-0xfdffffff window]
[    0.716015] pci_bus 0000:00: root bus resource [bus 00-ff]
[    0.736120] pci 0000:00:01.1: legacy IDE quirk: reg 0x10: [io  0x01f0-0x01f7]
[    0.744011] pci 0000:00:01.1: legacy IDE quirk: reg 0x14: [io  0x03f6]
[    0.756022] pci 0000:00:01.1: legacy IDE quirk: reg 0x18: [io  0x0170-0x0177]
[    0.768010] pci 0000:00:01.1: legacy IDE quirk: reg 0x1c: [io  0x0376]
[    0.809936] pci 0000:00:07.0: quirk: [io  0x4000-0x403f] claimed by PIIX4 ACPI
[    0.820045] pci 0000:00:07.0: quirk: [io  0x4100-0x410f] claimed by PIIX4 SMB
[    0.850763] ACPI: PCI Interrupt Link [LNKA] (IRQs 5 9 10 *11)
[    0.860843] ACPI: PCI Interrupt Link [LNKB] (IRQs 5 9 *10 11)
[    0.868289] ACPI: PCI Interrupt Link [LNKC] (IRQs 5 *9 10 11)
[    0.880303] ACPI: PCI Interrupt Link [LNKD] (IRQs 5 9 10 *11)
[    0.893045] SCSI subsystem initialized
[    0.900423] pci 0000:00:02.0: vgaarb: setting as boot VGA device
[    0.904000] pci 0000:00:02.0: vgaarb: VGA device added: decodes=io+mem,owns=io+mem,locks=none
[    0.928015] pci 0000:00:02.0: vgaarb: bridge control possible
[    0.936014] vgaarb: loaded
[    0.944055] ACPI: bus type USB registered
[    0.952126] usbcore: registered new interface driver usbfs
[    0.960028] usbcore: registered new interface driver hub
[    0.968019] usbcore: registered new device driver usb
[    0.980336] EDAC MC: Ver: 3.0.0
[    0.988711] PCI: Using ACPI for IRQ routing
[    0.997191] NetLabel: Initializing
[    1.004004] NetLabel:  domain hash size = 128
[    1.012008] NetLabel:  protocols = UNLABELED CIPSOv4 CALIPSO
[    1.020310] NetLabel:  unlabeled traffic allowed by default
[    1.032797] clocksource: Switched to clocksource kvm-clock
[    1.107859] VFS: Disk quotas dquot_6.6.0
[    1.116479] VFS: Dquot-cache hash table entries: 512 (order 0, 4096 bytes)
[    1.128802] AppArmor: AppArmor Filesystem Enabled
[    1.139946] pnp: PnP ACPI init
[    1.147547] pnp: PnP ACPI: found 3 devices
[    1.164723] clocksource: acpi_pm: mask: 0xffffff max_cycles: 0xffffff, max_idle_ns: 2085701024 ns
[    1.179149] NET: Registered protocol family 2
[    1.189307] IP idents hash table entries: 32768 (order: 6, 262144 bytes)
[    1.203182] TCP established hash table entries: 16384 (order: 5, 131072 bytes)
[    1.219215] TCP bind hash table entries: 16384 (order: 6, 262144 bytes)
[    1.232602] TCP: Hash tables configured (established 16384 bind 16384)
[    1.244503] UDP hash table entries: 1024 (order: 3, 32768 bytes)
[    1.253999] UDP-Lite hash table entries: 1024 (order: 3, 32768 bytes)
[    1.267963] NET: Registered protocol family 1
[    1.279273] pci 0000:00:00.0: Limiting direct PCI/PCI transfers
[    1.292225] pci 0000:00:01.0: Activating ISA DMA hang workarounds
[    1.303906] pci 0000:00:02.0: Video device with shadowed ROM at [mem 0x000c0000-0x000dffff]
[    1.323298] Unpacking initramfs...
[    1.548077] Freeing initrd memory: 19528K
[    2.044952] clocksource: tsc: mask: 0xffffffffffffffff max_cycles: 0x2b2d80e7c0e, max_idle_ns: 440795327996 ns
[    2.064774] platform rtc_cmos: registered platform RTC device (no PNP device found)
[    2.079754] Scanning for low memory corruption every 60 seconds
[    2.094080] Initialise system trusted keyrings
[    2.102927] Key type blacklist registered
[    2.111323] workingset: timestamp_bits=36 max_order=19 bucket_order=0
[    2.127119] zbud: loaded
[    2.133264] squashfs: version 4.0 (2009/01/31) Phillip Lougher
[    2.145156] fuse init (API version 7.26)
[    2.193295] Key type asymmetric registered
[    2.201894] Asymmetric key parser 'x509' registered
[    2.212261] Block layer SCSI generic (bsg) driver version 0.4 loaded (major 246)
[    2.226400] io scheduler noop registered
[    2.231734] io scheduler deadline registered
[    2.241540] io scheduler cfq registered (default)
[    2.250097] ACPI: AC Adapter [AC] (off-line)
[    2.259533] input: Power Button as /devices/LNXSYSTM:00/LNXPWRBN:00/input/input0
[    2.273090] ACPI: Power Button [PWRF]
[    2.280614] input: Sleep Button as /devices/LNXSYSTM:00/LNXSLPBN:00/input/input1
[    2.292880] ACPI: Sleep Button [SLPF]
[    2.300627] Serial: 8250/16550 driver, 32 ports, IRQ sharing enabled
[    2.304722] ACPI: Battery Slot [BAT0] (battery present)
[    2.355028] 00:02: ttyS0 at I/O 0x3f8 (irq = 4, base_baud = 115200) is a 16550A
[    2.368655] Linux agpgart interface v0.103
[    2.380831] loop: module loaded
[    2.395740] scsi host0: ata_piix
[    2.404344] scsi host1: ata_piix
[    2.412814] ata1: PATA max UDMA/33 cmd 0x1f0 ctl 0x3f6 bmdma 0xd000 irq 14
[    2.426224] ata2: PATA max UDMA/33 cmd 0x170 ctl 0x376 bmdma 0xd008 irq 15
[    2.440852] tun: Universal TUN/TAP device driver, 1.6
[    2.451327] PPP generic driver version 2.4.2
[    2.462823] ehci_hcd: USB 2.0 'Enhanced' Host Controller (EHCI) Driver
[    2.480260] ehci-pci: EHCI PCI platform driver
[    2.490217] ehci-platform: EHCI generic platform driver
[    2.502468] ohci_hcd: USB 1.1 'Open' Host Controller (OHCI) Driver
[    2.512680] ohci-pci: OHCI PCI platform driver
[    2.521287] ohci-platform: OHCI generic platform driver
[    2.531736] uhci_hcd: USB Universal Host Controller Interface driver
[    2.544244] i8042: PNP: PS/2 Controller [PNP0303:PS2K,PNP0f03:PS2M] at 0x60,0x64 irq 1,12
[    2.565740] serio: i8042 KBD port at 0x60,0x64 irq 1
[    2.576058] serio: i8042 AUX port at 0x60,0x64 irq 12
[    2.589267] mousedev: PS/2 mouse device common for all mice
[    2.602733] input: AT Translated Set 2 keyboard as /devices/platform/i8042/serio0/input/input2
[    2.644807] rtc_cmos rtc_cmos: rtc core: registered rtc_cmos as rtc0
[    2.659435] rtc_cmos rtc_cmos: alarms up to one day, 114 bytes nvram
[    2.672671] i2c /dev entries driver
[    2.678984] device-mapper: uevent: version 1.0.3
[    2.689620] device-mapper: ioctl: 4.37.0-ioctl (2017-09-20) initialised: dm-devel@redhat.com
[    2.708566] ledtrig-cpu: registered to indicate activity on CPUs
[    2.729593] NET: Registered protocol family 10
[    2.760800] Segment Routing with IPv6
[    2.770899] NET: Registered protocol family 17
[    2.782115] Key type dns_resolver registered
[    2.793300] mce: Using 0 MCE banks
[    2.799193] RAS: Correctable Errors collector initialized.
[    2.808214] sched_clock: Marking stable (2808117564, 0)->(4171120299, -1363002735)
[    2.828060] registered taskstats version 1
[    2.833520] Loading compiled-in X.509 certificates
[    2.850216] Loaded X.509 cert 'Build time autogenerated kernel key: b5b26778eaa3ab3a4a6cee031137706e947d12ad'
[    2.867021] Loaded X.509 cert 'Canonical Ltd. Live Patch Signing: 14df34d1a87cf37625abec039ef2bf521249b969'
[    2.887682] Loaded X.509 cert 'Canonical Ltd. Kernel Module Signing: 88f752e560a1e0737e31163a466ad7b70a850c19'
[    2.909592] blacklist: Loading compiled-in revocation X.509 certificates
[    2.922345] Loaded X.509 cert 'Canonical Ltd. Secure Boot Signing: 61482aa2830d0ab2ad5af10b7250da9033ddcef0'
[    2.941125] Loaded X.509 cert 'Canonical Ltd. Secure Boot Signing (2017): 242ade75ac4a15e50d50c84b0d45ff3eae707a03'
[    2.960536] Loaded X.509 cert 'Canonical Ltd. Secure Boot Signing (ESM 2018): 365188c1d374d6b07c3c8f240f8ef722433d6a8b'
[    2.981315] Loaded X.509 cert 'Canonical Ltd. Secure Boot Signing (2019): c0746fd6c5da3ae827864651ad66ae47fe24b3e8'
[    3.000403] Loaded X.509 cert 'Canonical Ltd. Secure Boot Signing (2021 v1): a8d54bbb3825cfb94fa13c9f8a594a195c107b8d'
[    3.021920] Loaded X.509 cert 'Canonical Ltd. Secure Boot Signing (2021 v2): 4cf046892d6fd3c9a5b03f98d845f90851dc6a8c'
[    3.038947] Loaded X.509 cert 'Canonical Ltd. Secure Boot Signing (2021 v3): 100437bb6de6e469b581e61cd66bce3ef4ed53af'
[    3.055671] Loaded X.509 cert 'Canonical Ltd. Secure Boot Signing (Ubuntu Core 2019): c1d57b8f6b743f23ee41f4f7ee292f06eecadfb9'
[    3.072658] zswap: loaded using pool lzo/zbud
[    3.096379] Key type big_key registered
[    3.101618] Key type trusted registered
[    3.114395] Key type encrypted registered
[    3.120655] AppArmor: AppArmor sha1 policy hashing enabled
[    3.127866] ima: No TPM chip found, activating TPM-bypass! (rc=-19)
[    3.135987] ima: Allocated hash algorithm: sha1
[    3.142795] evm: HMAC attrs: 0x1
[    3.148473]   Magic number: 1:913:233
[    3.154896] rtc_cmos rtc_cmos: setting system clock to 2025-07-02 15:14:04 UTC (1751469244)
[    3.166549] BIOS EDD facility v0.16 2004-Jun-25, 0 devices found
[    3.174310] EDD information not available.
[    3.184939] Freeing unused kernel image memory: 2480K
[    3.212748] Write protecting the kernel read-only data: 20480k
[    3.231500] Freeing unused kernel image memory: 2008K
[    3.242049] Freeing unused kernel image memory: 1820K
[    3.259751] x86/mm: Checked W+X mappings: passed, no W+X pages found.
Loading, please wait...
starting version 237
[    3.467639] Fusion MPT base driver 3.04.20
[    3.476526] Copyright (c) 1999-2008 LSI Corporation
[    3.514761] e1000: Intel(R) PRO/1000 Network Driver - version 7.3.21-k8-NAPI
[    3.528901] e1000: Copyright (c) 1999-2006 Intel Corporation.
[    3.605186] SSE version of gcm_enc/dec engaged.
[    3.613207] Fusion MPT SPI Host driver 3.04.20
[    3.783784] input: ImExPS/2 Generic Explorer Mouse as /devices/platform/i8042/serio1/input/input4
[    4.413300] e1000 0000:00:03.0 eth0: (PCI:33MHz:32-bit) 02:3b:7b:b7:3b:2d
[    4.427487] e1000 0000:00:03.0 eth0: Intel(R) PRO/1000 Network Connection
[    4.443631] mptbase: ioc0: Initiating bringup
[    4.566498] ioc0: LSI53C1030 A0: Capabilities={Initiator}
[    4.857608] scsi host2: ioc0: LSI53C1030 A0, FwRev=00000000h, Ports=1, MaxQ=256, IRQ=20
[    5.147557] scsi 2:0:0:0: Direct-Access     VBOX     HARDDISK         1.0  PQ: 0 ANSI: 5
[    5.196164] scsi target2:0:0: Beginning Domain Validation
[    5.222570] scsi target2:0:0: Domain Validation skipping write tests
[    5.237229] scsi target2:0:0: Ending Domain Validation
[    5.249499] scsi target2:0:0: asynchronous
[    5.263707] scsi 2:0:1:0: Direct-Access     VBOX     HARDDISK         1.0  PQ: 0 ANSI: 5
[    5.616577] scsi target2:0:1: Beginning Domain Validation
[    5.638071] scsi target2:0:1: Domain Validation skipping write tests
[    5.648878] scsi target2:0:1: Ending Domain Validation
[    5.660839] scsi target2:0:1: asynchronous
[    5.694198] sd 2:0:0:0: Attached scsi generic sg0 type 0
[    5.707698] sd 2:0:0:0: [sda] 83886080 512-byte logical blocks: (42.9 GB/40.0 GiB)
[    5.723503] sd 2:0:1:0: Attached scsi generic sg1 type 0
[    5.741563] sd 2:0:0:0: [sda] Write Protect is off
[    5.751968] sd 2:0:1:0: [sdb] 20480 512-byte logical blocks: (10.5 MB/10.0 MiB)
[    5.766716] sd 2:0:0:0: [sda] Incomplete mode parameter data
[    5.776921] sd 2:0:0:0: [sda] Assuming drive cache: write through
[    5.787207] sd 2:0:1:0: [sdb] Write Protect is off
[    5.796321] sd 2:0:1:0: [sdb] Incomplete mode parameter data
[    5.804234] sd 2:0:1:0: [sdb] Assuming drive cache: write through
[    5.820719]  sda: sda1
[    5.835659] sd 2:0:0:0: [sda] Attached SCSI disk
[    5.848369] sd 2:0:1:0: [sdb] Attached SCSI disk
[    6.082276] e1000 0000:00:08.0 eth1: (PCI:33MHz:32-bit) 08:00:27:ec:8a:a9
[    6.095563] e1000 0000:00:08.0 eth1: Intel(R) PRO/1000 Network Connection
[    6.114280] e1000 0000:00:08.0 enp0s8: renamed from eth1
[    6.139464] e1000 0000:00:03.0 enp0s3: renamed from eth0
Begin: Loading essential drivers ... [    8.633097] raid6: sse2x1   gen() 88828 MB/s
[    9.949993] raid6: sse2x1   xor() 158131 MB/s
[   10.951207] raid6: sse2x2   gen() 344499 MB/s
[   11.950579] raid6: sse2x2   xor() 223178 MB/s
[   12.953139] raid6: sse2x4   gen() 321519 MB/s
[   14.953683] raid6: sse2x4   xor() 134781 MB/s
[   14.962848] raid6: using algorithm sse2x2 gen() 344499 MB/s
[   14.975586] raid6: .... xor() 223178 MB/s, rmw enabled
[   14.986866] raid6: using ssse3x2 recovery algorithm
[   15.008478] xor: measuring software checksum speed
[   15.056251]    prefetch64-sse: 13148.000 MB/sec
[   15.104800]    generic_sse:  8252.000 MB/sec
[   15.114493] xor: using function: prefetch64-sse (13148.000 MB/sec)
[   15.130580] async_tx: api initialized (async)
done.
Begin: Running /scripts/init-premount ... done.
Begin: Mounting root file system ... Begin: Running /scripts/local-top ... done.
Begin: Running /scripts/local-premount ... [   15.252562] Btrfs loaded, crc32c=crc32c-intel
Scanning for Btrfs filesystems
done.
Warning: fsck not present, so skipping root file system
[   15.378216] EXT4-fs (sda1): INFO: recovery required on readonly filesystem
[   15.389242] EXT4-fs (sda1): write access will be enabled during recovery
[   15.775966] EXT4-fs (sda1): recovery complete
[   15.784805] EXT4-fs (sda1): mounted filesystem with ordered data mode. Opts: (null)
done.
Begin: Running /scripts/local-bottom ... done.
Begin: Running /scripts/init-bottom ... done.
[   16.155526] ip_tables: (C) 2000-2006 Netfilter Core Team
[   16.191985] systemd[1]: systemd 237 running in system mode. (+PAM +AUDIT +SELINUX +IMA +APPARMOR +SMACK +SYSVINIT +UTMP +LIBCRYPTSETUP +GCRYPT +GNUTLS +ACL +XZ +LZ4 +SECCOMP +BLKID +ELFUTILS +KMOD -IDN2 +IDN -PCRE2 default-hierarchy=hybrid)
[   16.227367] systemd[1]: Detected virtualization oracle.
[   16.236478] systemd[1]: Detected architecture x86-64.

Welcome to [1mUbuntu 18.04.6 LTS[0m!

[   16.318217] systemd[1]: Set hostname to <vm3>.
[   17.010765] systemd[1]: Reached target Mounting snaps.
[[0;32m  OK  [0m] Reached target Mounting snaps.
[   17.026040] systemd[1]: Reached target System Time Synchronized.
[[0;32m  OK  [0m] Reached target System Time Synchronized.
[   17.053144] systemd[1]: Reached target User and Group Name Lookups.
[[0;32m  OK  [0m] Reached target User and Group Name Lookups.
[   17.084983] systemd[1]: Started Forward Password Requests to Wall Directory Watch.
[[0;32m  OK  [0m] Started Forward Password Requests to Wall Directory Watch.
[   17.130950] systemd[1]: Created slice User and Session Slice.
[[0;32m  OK  [0m] Created slice User and Session Slice.
[   17.153745] systemd[1]: Set up automount Arbitrary Executable File Formats File System Automount Point.
[[0;32m  OK  [0m] Set up automount Arbitrary Executab…rmats File System Automount Point.
[[0;32m  OK  [0m] Reached target Mounted snaps.
[[0;32m  OK  [0m] Reached target Swap.
[[0;32m  OK  [0m] Created slice System Slice.
[[0;32m  OK  [0m] Listening on Device-mapper event daemon FIFOs.
[[0;32m  OK  [0m] Listening on /dev/initctl Compatibility Named Pipe.
[[0;32m  OK  [0m] Listening on Journal Socket.
         Mounting Huge Pages File System...
         Starting Set the console keyboard layout...
[[0;32m  OK  [0m] Reached target Slices.
         Mounting POSIX Message Queue File System...
[[0;32m  OK  [0m] Created slice system-serial\x2dgetty.slice.
         Starting Load Kernel Modules...
         Starting Create list of required st…ce nodes for the current kernel...
         Mounting Kernel Debug File System...
[[0;32m  OK  [0m] Listening on LVM2 poll daemon socket.
[[0;32m  OK  [0m] Listening on udev Kernel Socket.
[[0;32m  OK  [0m] Listening on fsck to fsckd communication Socket.
         Starting Uncomplicated firewall...
[[0;32m  OK  [0m] Listening on udev Control Socket.
         Starting udev Coldplug all Devices...
[[0;32m  OK  [0m] Listening on LVM2 metadata daemon socket.
         Starting Monitoring of LVM2 mirrors…ng dmeventd or progress polling...
         Starting File System Check on Root Device...
[   17.368419] Loading iSCSI transport class v2.0-870.
[[0;32m  OK  [0m] Listening on Syslog Socket.
[[0;32m  OK  [0m] Listening on Network Service Netlink Socket.
[[0;32m  OK  [0m] Listening on Journal Audit Socket.
[[0;32m  OK  [0m] Listening on Journal Socket (/dev/log).
         Starting Journal Service...
[[0;32m  OK  [0m] Mounted Huge Pages File System.
[   17.502536] iscsi: registered transport (tcp)
[[0;32m  OK  [0m] Mounted POSIX Message Queue File System.
[[0;32m  OK  [0m] Started Create list of required sta…vice nodes for the current kernel.
[[0;32m  OK  [0m] Mounted Kernel Debug File System.
[[0;32m  OK  [0m] Started Uncomplicated firewall.
[[0;32m  OK  [0m] Started LVM2 metadata daemon.
         Starting Create Static Device Nodes in /dev...
[[0;32m  OK  [0m] Started File System Check Daemon to report status.
[[0;32m  OK  [0m] Started udev Coldplug all Devices.
[[0;32m  OK  [0m] Started Create Static Device Nodes in /dev.
[[0;32m  OK  [0m] Started Set the console keyboard layout.
[[0;32m  OK  [0m] Started Journal Service.
[[0;32m  OK  [0m] Started File System Check on Root Device.
         Starting Remount Root and Kernel File Systems...[   17.792039] iscsi: registered transport (iser)

[[0;32m  OK  [0m] Started Load Kernel Modules.[   17.814079] EXT4-fs (sda1): re-mounted. Opts: (null)

[[0;32m  OK  [0m] Started Monitoring of LVM2 mirrors,…sing dmeventd or progress polling.
[[0;32m  OK  [0m] Started Remount Root and Kernel File Systems.
         Starting Flush Journal to Persistent Storage...
         Starting Load/Save Random Seed...
         Starting udev Kernel Device Manager...
[[0;32m  OK  [0m] Reached target Local File Systems (Pre).
[[0;32m  OK  [0m] Reached target Local File Systems.
         Starting AppArmor initialization...
         Starting Tell Plymouth To Write Out Runtime Data...
         Starting ebtables ruleset management...
         Starting Set console font and keymap...
         Mounting FUSE Control File System...
         Mounting Kernel Configuration File System...
         Starting Apply Kernel Variables...
[[0;32m  OK  [0m] Started Load/Save Random Seed.
[[0;32m  OK  [0m] Mounted FUSE Control File System.
[[0;32m  OK  [0m] Mounted Kernel Configuration File System.
[[0;32m  OK  [0m] Started udev Kernel Device Manager.
[[0;32m  OK  [0m] Started Dispatch Password Requests to Console Directory Watch.
[[0;32m  OK  [0m] Reached target Local Encrypted Volumes.
[   18.023961] systemd-journald[417]: Received request to flush runtime journal from PID 1
[[0;32m  OK  [0m] Started Tell Plymouth To Write Out Runtime Data.
[[0;32m  OK  [0m] Started Set console font and keymap.
[[0;32m  OK  [0m] Started Apply Kernel Variables.
[[0;32m  OK  [0m] Started Flush Journal to Persistent Storage.
         Starting Create Volatile Files and Directories...
[[0;32m  OK  [0m] Started Create Volatile Files and Directories.
         Starting Update UTMP about System Boot/Shutdown...
[[0;32m  OK  [0m] Started Update UTMP about System Boot/Shutdown.
[[0;32m  OK  [0m] Started ebtables ruleset management.
[[0;32m  OK  [0m] Found device /dev/ttyS0.
[[0;32m  OK  [0m] Listening on Load/Save RF Kill Switch Status /dev/rfkill Watch.
[[0;32m  OK  [0m] Started AppArmor initialization.
         Starting Load AppArmor profiles managed internally by snapd...
         Starting Initial cloud-init job (pre-networking)...
         Mounting Arbitrary Executable File Formats File System...
[[0;32m  OK  [0m] Mounted Arbitrary Executable File Formats File System.
[[0;32m  OK  [0m] Started Load AppArmor profiles managed internally by snapd.
[   23.852210] cloud-init[559]: Cloud-init v. 23.1.2-0ubuntu0~18.04.1 running 'init-local' at Wed, 02 Jul 2025 15:14:24 +0000. Up 23.22 seconds.
[[0;32m  OK  [0m] Started Initial cloud-init job (pre-networking).
[[0;32m  OK  [0m] Reached target Network (Pre).
         Starting Network Service...
[[0;32m  OK  [0m] Started Network Service.
         Starting Network Name Resolution...
         Starting Wait for Network to be Configured...
[[0;32m  OK  [0m] Started Network Name Resolution.
[[0;32m  OK  [0m] Reached target Network.
[[0;32m  OK  [0m] Reached target Host and Network Name Lookups.
[[0;32m  OK  [0m] Started Wait for Network to be Configured.
         Starting Initial cloud-init job (metadata service crawler)...
[   27.539835] cloud-init[674]: Cloud-init v. 23.1.2-0ubuntu0~18.04.1 running 'init' at Wed, 02 Jul 2025 15:14:28 +0000. Up 27.03 seconds.
[   27.559916] cloud-init[674]: ci-info: +++++++++++++++++++++++++++++++++++++++++++Net device info++++++++++++++++++++++++++++++++++++++++++++
[   27.581860] cloud-init[674]: ci-info: +--------+------+---------------------------------------+---------------+--------+-------------------+
[   27.599838] cloud-init[674]: ci-info: | Device |  Up  |                Address                |      Mask     | Scope  |     Hw-Address    |
[   27.629544] cloud-init[674]: ci-info: +--------+------+---------------------------------------+---------------+--------+-------------------+
[   27.647586] cloud-init[674]: ci-info: | enp0s3 | True |               10.0.2.15               | 255.255.255.0 | global | 02:3b:7b:b7:3b:2d |
[   27.670158] cloud-init[674]: ci-info: | enp0s3 | True | fd17:625c:f037:2:3b:7bff:feb7:3b2d/64 |       .       | global | 02:3b:7b:b7:3b:2d |
[   27.697749] cloud-init[674]: ci-info: | enp0s3 | True |       fe80::3b:7bff:feb7:3b2d/64      |       .       |  link  | 02:3b:7b:b7:3b:2d |
[   27.721571] cloud-init[674]: ci-info: | enp0s8 | True |             192.168.56.103            | 255.255.255.0 | global | 08:00:27:ec:8a:a9 |
[   27.750805] cloud-init[674]: ci-info: | enp0s8 | True |      fe80::a00:27ff:feec:8aa9/64      |       .       |  link  | 08:00:27:ec:8a:a9 |
[   27.775728] cloud-init[674]: ci-info: |   lo   | True |               127.0.0.1               |   255.0.0.0   |  host  |         .         |
[   27.804433] cloud-init[674]: ci-info: |   lo   | True |                ::1/128                |       .       |  host  |         .         |
[   27.831678] cloud-init[674]: ci-info: +--------+------+---------------------------------------+---------------+--------+-------------------+
[   27.863915] cloud-init[674]: ci-info: +++++++++++++++++++++++++++++Route IPv4 info+++++++++++++++++++++++++++++
[   27.894081] cloud-init[674]: ci-info: +-------+--------------+----------+-----------------+-----------+-------+
[   27.918218] cloud-init[674]: ci-info: | Route | Destination  | Gateway  |     Genmask     | Interface | Flags |
[   27.934033] cloud-init[674]: ci-info: +-------+--------------+----------+-----------------+-----------+-------+
[   27.949422] cloud-init[674]: ci-info: |   0   |   0.0.0.0    | 10.0.2.2 |     0.0.0.0     |   enp0s3  |   UG  |
[   27.962965] cloud-init[674]: ci-info: |   1   |   10.0.2.0   | 0.0.0.0  |  255.255.255.0  |   enp0s3  |   U   |
[   27.977120] cloud-init[674]: ci-info: |   2   |   10.0.2.2   | 0.0.0.0  | 255.255.255.255 |   enp0s3  |   UH  |
[   27.993122] cloud-init[674]: ci-info: |   3   | 192.168.56.0 | 0.0.0.0  |  255.255.255.0  |   enp0s8  |   U   |
[   28.009658] cloud-init[674]: ci-info: +-------+--------------+----------+-----------------+-----------+-------+
[   28.023999] cloud-init[674]: ci-info: ++++++++++++++++++++++++Route IPv6 info++++++++++++++++++++++++
[   28.037526] cloud-init[674]: ci-info: +-------+-----------------------+---------+-----------+-------+
[   28.051541] cloud-init[674]: ci-info: | Route |      Destination      | Gateway | Interface | Flags |
[   28.064184] cloud-init[674]: ci-info: +-------+-----------------------+---------+-----------+-------+
[   28.077288] cloud-init[674]: ci-info: |   1   | fd17:625c:f037:2::/64 |    ::   |   enp0s3  |   U   |
[   28.091090] cloud-init[674]: ci-info: |   2   |       fe80::/64       |    ::   |   enp0s8  |   U   |
[   28.104238] cloud-init[674]: ci-info: |   3   |       fe80::/64       |    ::   |   enp0s3  |   U   |
[   28.117755] cloud-init[674]: ci-info: |   4   |          ::/0         | fe80::2 |   enp0s3  |   UG  |
[   28.131154] cloud-init[674]: ci-info: |   6   |         local         |    ::   |   enp0s3  |   U   |
[   28.155301] cloud-init[674]: ci-info: |   7   |         local         |    ::   |   enp0s8  |   U   |
[   28.177666] cloud-init[674]: ci-info: |   8   |        ff00::/8       |    ::   |   enp0s8  |   U   |
[   28.198228] cloud-init[674]: ci-info: |   9   |        ff00::/8       |    ::   |   enp0s3  |   U   |
[   28.219410] cloud-init[674]: ci-info: +-------+-----------------------+---------+-----------+-------+
[[0;32m  OK  [0m] Started Initial cloud-init job (metadata service crawler).
[[0;32m  OK  [0m] Reached target Cloud-config availability.
[[0;32m  OK  [0m] Reached target Network is Online.
         Starting Availability of block devices...
[[0;32m  OK  [0m] Reached target Remote File Systems (Pre).
         Mounting /vagrant...
[[0;32m  OK  [0m] Reached target System Initialization.
[[0;32m  OK  [0m] Listening on Open-iSCSI iscsid Socket.
[[0;32m  OK  [0m] Started Ubuntu Advantage Timer for running repeated jobs.
[[0;32m  OK  [0m] Started Discard unused blocks once a week.
         Starting Socket activation for snappy daemon.
[[0;32m  OK  [0m] Started Daily Cleanup of Temporary Directories.
[[0;32m  OK  [0m] Started Daily apt download activities.
[[0;32m  OK  [0m] Started Daily apt upgrade and clean activities.
[[0;32m  OK  [0m] Listening on D-Bus System Message Bus Socket.
[[0;32m  OK  [0m] Started Message of the Day.
[[0;32m  OK  [0m] Started ACPI Events Check.
[[0;32m  OK  [0m] Reached target Paths.
[[0;32m  OK  [0m] Listening on ACPID Listen Socket.
[[0;32m  OK  [0m] Listening on UUID daemon activation socket.
[[0;32m  OK  [0m] Reached target Timers.
[[0;32m  OK  [0m] Listening on cloud-init hotplug hook socket.
         Starting LXD - unix socket.
[[0;32m  OK  [0m] Started Availability of block devices.
[[0;32m  OK  [0m] Mounted /vagrant.
[[0;32m  OK  [0m] Listening on Socket activation for snappy daemon.
[[0;32m  OK  [0m] Listening on LXD - unix socket.
[[0;32m  OK  [0m] Reached target Sockets.
[[0;32m  OK  [0m] Reached target Basic System.
         Starting Dispatcher daemon for systemd-networkd...
         Starting Login Service...
[[0;32m  OK  [0m] Started D-Bus System Message Bus.
[[0;32m  OK  [0m] Started irqbalance daemon.
         Starting Accounts Service...
         Starting Virtualbox guest utils...
[[0;32m  OK  [0m] Reached target Login Prompts (Pre).
[[0;32m  OK  [0m] Started Regular background program processing daemon.
         Starting Snap Daemon...
         Starting LSB: Record successful boot for GRUB...
         Starting System Logging Service...
         Starting LXD - container startup/shutdown...
         Starting OpenBSD Secure Shell server...
[[0;32m  OK  [0m] Started FUSE filesystem for LXC.
[[0;32m  OK  [0m] Started Deferred execution scheduler.
[[0;32m  OK  [0m] Reached target Remote File Systems.
         Starting LSB: automatic crash report generation...
         Starting Permit User Sessions...
[[0;32m  OK  [0m] Started System Logging Service.
[[0;32m  OK  [0m] Started Permit User Sessions.
[[0;32m  OK  [0m] Started Login Service.
         Starting Authorization Manager...
[[0;32m  OK  [0m] Started Unattended Upgrades Shutdown.
         Starting Terminate Plymouth Boot Screen...
         Starting Hold until boot process finishes up...
         Starting Hostname Service...
[[0;32m  OK  [0m] Started Terminate Plymouth Boot Screen.
[[0;32m  OK  [0m] Started Hold until boot process finishes up.
[[0;32m  OK  [0m] Started LSB: Record successful boot for GRUB.
[[0;32m  OK  [0m] Started Serial Getty on ttyS0.
         Starting Set console scheme...
[[0;32m  OK  [0m] Started Set console scheme.
[[0;32m  OK  [0m] Created slice system-getty.slice.
[[0;32m  OK  [0m] Started Getty on tty1.
[[0;32m  OK  [0m] Reached target Login Prompts.
[[0;32m  OK  [0m] Started LSB: automatic crash report generation.
[[0;32m  OK  [0m] Started OpenBSD Secure Shell server.
[[0;32m  OK  [0m] Started Authorization Manager.
[[0;32m  OK  [0m] Started Accounts Service.
[[0;32m  OK  [0m] Started Dispatcher daemon for systemd-networkd.
[[0;32m  OK  [0m] Started Hostname Service.
[[0;32m  OK  [0m] Started Virtualbox guest utils.
[[0;32m  OK  [0m] Started LXD - container startup/shutdown.
[[0;32m  OK  [0m] Started Snap Daemon.
         Starting Wait until snapd is fully seeded...
         Starting Time & Date Service...
[[0;32m  OK  [0m] Started Time & Date Service.
[[0;32m  OK  [0m] Started Wait until snapd is fully seeded.
         Starting Apply the settings specified in cloud-config...

Ubuntu 18.04.6 LTS vm3 ttyS0

vm3 login: [   37.536902] cloud-init[979]: Cloud-init v. 23.1.2-0ubuntu0~18.04.1 running 'modules:config' at Wed, 02 Jul 2025 15:14:38 +0000. Up 36.85 seconds.
[   38.777575] cloud-init[1014]: Cloud-init v. 23.1.2-0ubuntu0~18.04.1 running 'modules:final' at Wed, 02 Jul 2025 15:14:39 +0000. Up 38.61 seconds.
[   38.789273] cloud-init[1014]: Cloud-init v. 23.1.2-0ubuntu0~18.04.1 finished at Wed, 02 Jul 2025 15:14:40 +0000. Datasource DataSourceNoCloud [seed=/dev/sdb][dsmode=net].  Up 38.76 seconds
[29632.748411] INFO: rcu_sched detected stalls on CPUs/tasks:
[29632.990241] 	(detected by 1, t=82676 jiffies, g=28000, c=27999, q=57)
[29633.023090] All QSes seen, last rcu_sched kthread activity 82676 (4299002392-4298919716), jiffies_till_next_fqs=1, root ->qsmask 0x0
[29633.078263] rcu_sched kthread starved for 82676 jiffies! g28000 c27999 f0x2 RCU_GP_WAIT_FQS(3) ->state=0x200 ->cpu=1
[53864.241563] watchdog: BUG: soft lockup - CPU#1 stuck for 14957s! [grafana:13579]
[53864.289508] watchdog: BUG: soft lockup - CPU#0 stuck for 14958s! [prometheus:1472]
                                               [43565.738909] INFO: rcu_sched detected stalls on CPUs/tasks:
[43566.677305] 	0-...!: (1 GPs behind) idle=472/1/0 softirq=78563/78564 fqs=0 
[43566.998708] 	(detected by 0, t=0 jiffies, g=20932, c=20931, q=14)
[85912.628713] watchdog: BUG: soft lockup - CPU#0 stuck for 14959s! [cloud-id:2648]
[118974.186935] INFO: rcu_sched detected stalls on CPUs/tasks:
[118975.292578] 	(detected by 1, t=4082505 jiffies, g=32534, c=32533, q=7)
[118975.292589] All QSes seen, last rcu_sched kthread activity 4082505 (4324634258-4320551753), jiffies_till_next_fqs=1, root ->qsmask 0x0
[118975.839380] rcu_sched kthread starved for 4082505 jiffies! g32534 c32533 f0x2 RCU_GP_WAIT_FQS(3) ->state=0x200 ->cpu=1
