[    0.000000] Linux version 4.15.0-212-generic (buildd@lcy02-amd64-083) (gcc version 7.5.0 (Ubuntu 7.5.0-3ubuntu1~18.04)) #223-Ubuntu SMP Tue May 23 13:09:22 UTC 2023 (Ubuntu 4.15.0-212.223-generic 4.15.18)
[    0.000000] Command line: BOOT_IMAGE=/boot/vmlinuz-4.15.0-212-generic root=LABEL=cloudimg-rootfs ro console=tty1 console=ttyS0
[    0.000000] KERNEL supported cpus:
[    0.000000]   Intel GenuineIntel
[    0.000000]   AMD AuthenticAMD
[    0.000000]   Centaur CentaurHauls
[    0.000000] x86/fpu: x87 FPU will use FXSAVE
[    0.000000] e820: BIOS-provided physical RAM map:
[    0.000000] BIOS-e820: [mem 0x0000000000000000-0x000000000009fbff] usable
[    0.000000] BIOS-e820: [mem 0x000000000009fc00-0x000000000009ffff] reserved
[    0.000000] BIOS-e820: [mem 0x00000000000f0000-0x00000000000fffff] reserved
[    0.000000] BIOS-e820: [mem 0x0000000000100000-0x000000007ffeffff] usable
[    0.000000] BIOS-e820: [mem 0x000000007fff0000-0x000000007fffffff] ACPI data
[    0.000000] BIOS-e820: [mem 0x00000000fec00000-0x00000000fec00fff] reserved
[    0.000000] BIOS-e820: [mem 0x00000000fee00000-0x00000000fee00fff] reserved
[    0.000000] BIOS-e820: [mem 0x00000000fffc0000-0x00000000ffffffff] reserved
[    0.000000] NX (Execute Disable) protection: active
[    0.000000] SMBIOS 2.5 present.
[    0.000000] DMI: innotek GmbH VirtualBox/VirtualBox, BIOS VirtualBox 12/01/2006
[    0.000000] Hypervisor detected: KVM
[    0.000000] e820: last_pfn = 0x7fff0 max_arch_pfn = 0x400000000
[    0.000000] x86/PAT: Configuration [0-7]: WB  WC  UC- UC  WB  WP  UC- WT  
[    0.000000] CPU MTRRs all blank - virtualized system.
[    0.000000] found SMP MP-table at [mem 0x0009fbf0-0x0009fbff]
[    0.000000] Scanning 1 areas for low memory corruption
[    0.000000] RAMDISK: [mem 0x359cb000-0x36cdcfff]
[    0.000000] ACPI: Early table checksum verification disabled
[    0.000000] ACPI: RSDP 0x00000000000E0000 000024 (v02 VBOX  )
[    0.000000] ACPI: XSDT 0x000000007FFF0030 00003C (v01 VBOX   VBOXXSDT 00000001 ASL  00000061)
[    0.000000] ACPI: FACP 0x000000007FFF00F0 0000F4 (v04 VBOX   VBOXFACP 00000001 ASL  00000061)
[    0.000000] ACPI: DSDT 0x000000007FFF0610 002353 (v02 VBOX   VBOXBIOS 00000002 INTL 20100528)
[    0.000000] ACPI: FACS 0x000000007FFF0200 000040
[    0.000000] ACPI: FACS 0x000000007FFF0200 000040
[    0.000000] ACPI: APIC 0x000000007FFF0240 00005C (v02 VBOX   VBOXAPIC 00000001 ASL  00000061)
[    0.000000] ACPI: SSDT 0x000000007FFF02A0 00036C (v01 VBOX   VBOXCPUT 00000002 INTL 20100528)
[    0.000000] ACPI: Reserving FACP table memory at [mem 0x7fff00f0-0x7fff01e3]
[    0.000000] ACPI: Reserving DSDT table memory at [mem 0x7fff0610-0x7fff2962]
[    0.000000] ACPI: Reserving FACS table memory at [mem 0x7fff0200-0x7fff023f]
[    0.000000] ACPI: Reserving FACS table memory at [mem 0x7fff0200-0x7fff023f]
[    0.000000] ACPI: Reserving APIC table memory at [mem 0x7fff0240-0x7fff029b]
[    0.000000] ACPI: Reserving SSDT table memory at [mem 0x7fff02a0-0x7fff060b]
[    0.000000] No NUMA configuration found
[    0.000000] Faking a node at [mem 0x0000000000000000-0x000000007ffeffff]
[    0.000000] NODE_DATA(0) allocated [mem 0x7ffc5000-0x7ffeffff]
[    0.000000] kvm-clock: cpu 0, msr 0:7ff44001, primary cpu clock
[    0.000000] kvm-clock: Using msrs 4b564d01 and 4b564d00
[    0.000000] kvm-clock: using sched offset of 4482288306 cycles
[    0.000000] clocksource: kvm-clock: mask: 0xffffffffffffffff max_cycles: 0x1cd42e4dffb, max_idle_ns: 881590591483 ns
[    0.000000] Zone ranges:
[    0.000000]   DMA      [mem 0x0000000000001000-0x0000000000ffffff]
[    0.000000]   DMA32    [mem 0x0000000001000000-0x000000007ffeffff]
[    0.000000]   Normal   empty
[    0.000000]   Device   empty
[    0.000000] Movable zone start for each node
[    0.000000] Early memory node ranges
[    0.000000]   node   0: [mem 0x0000000000001000-0x000000000009efff]
[    0.000000]   node   0: [mem 0x0000000000100000-0x000000007ffeffff]
[    0.000000] Reserved but unavailable: 104 pages
[    0.000000] Initmem setup node 0 [mem 0x0000000000001000-0x000000007ffeffff]
[    0.000000] ACPI: PM-Timer IO Port: 0x4008
[    0.000000] IOAPIC[0]: apic_id 2, version 32, address 0xfec00000, GSI 0-23
[    0.000000] ACPI: INT_SRC_OVR (bus 0 bus_irq 0 global_irq 2 dfl dfl)
[    0.000000] ACPI: INT_SRC_OVR (bus 0 bus_irq 9 global_irq 9 low level)
[    0.000000] Using ACPI (MADT) for SMP configuration information
[    0.000000] smpboot: Allowing 2 CPUs, 0 hotplug CPUs
[    0.000000] PM: Registered nosave memory: [mem 0x00000000-0x00000fff]
[    0.000000] PM: Registered nosave memory: [mem 0x0009f000-0x0009ffff]
[    0.000000] PM: Registered nosave memory: [mem 0x000a0000-0x000effff]
[    0.000000] PM: Registered nosave memory: [mem 0x000f0000-0x000fffff]
[    0.000000] e820: [mem 0x80000000-0xfebfffff] available for PCI devices
[    0.000000] Booting paravirtualized kernel on KVM
[    0.000000] clocksource: refined-jiffies: mask: 0xffffffff max_cycles: 0xffffffff, max_idle_ns: 7645519600211568 ns
[    0.000000] setup_percpu: NR_CPUS:8192 nr_cpumask_bits:2 nr_cpu_ids:2 nr_node_ids:1
[    0.000000] percpu: Embedded 50 pages/cpu s167936 r8192 d28672 u1048576
[    0.000000] PV qspinlock hash table entries: 256 (order: 0, 4096 bytes)
[    0.000000] Built 1 zonelists, mobility grouping on.  Total pages: 515961
[    0.000000] Policy zone: DMA32
[    0.000000] Kernel command line: BOOT_IMAGE=/boot/vmlinuz-4.15.0-212-generic root=LABEL=cloudimg-rootfs ro console=tty1 console=ttyS0
[    0.000000] Memory: 2014836K/2096696K available (12300K kernel code, 2477K rwdata, 4324K rodata, 2480K init, 2720K bss, 81860K reserved, 0K cma-reserved)
[    0.000000] SLUB: HWalign=64, Order=0-3, MinObjects=0, CPUs=2, Nodes=1
[    0.000000] ftrace: allocating 39508 entries in 155 pages
[    0.004000] Hierarchical RCU implementation.
[    0.004000] 	RCU restricting CPUs from NR_CPUS=8192 to nr_cpu_ids=2.
[    0.004000] 	Tasks RCU enabled.
[    0.004000] RCU: Adjusting geometry for rcu_fanout_leaf=16, nr_cpu_ids=2
[    0.004000] NR_IRQS: 524544, nr_irqs: 440, preallocated irqs: 16
[    0.004000] random: crng init done
[    0.004000] Console: colour VGA+ 80x25
[    0.004000] console [tty1] enabled
[    0.004000] console [ttyS0] enabled
[    0.004000] ACPI: Core revision 20170831
[    0.004000] ACPI: 2 ACPI AML tables successfully acquired and loaded
[    0.004000] APIC: Switch to symmetric I/O mode setup
[    0.004000] ..TIMER: vector=0x30 apic1=0 pin1=2 apic2=-1 pin2=-1
[    0.004000] tsc: Detected 2995.458 MHz processor
[    0.004021] Calibrating delay loop (skipped) preset value.. 5990.91 BogoMIPS (lpj=11981832)
[    0.008009] pid_max: default: 32768 minimum: 301
[    0.012108] Security Framework initialized
[    0.016018] Yama: becoming mindful.
[    0.020278] AppArmor: AppArmor initialized
[    0.053344] Dentry cache hash table entries: 262144 (order: 9, 2097152 bytes)
[    0.072731] Inode-cache hash table entries: 131072 (order: 8, 1048576 bytes)
[    0.076270] Mount-cache hash table entries: 4096 (order: 3, 32768 bytes)
[    0.080220] Mountpoint-cache hash table entries: 4096 (order: 3, 32768 bytes)
[    0.090409] Last level iTLB entries: 4KB 0, 2MB 0, 4MB 0
[    0.092005] Last level dTLB entries: 4KB 0, 2MB 0, 4MB 0, 1GB 0
[    0.096006] Spectre V1 : Mitigation: usercopy/swapgs barriers and __user pointer sanitization
[    0.100007] Spectre V2 : Mitigation: Enhanced IBRS
[    0.104006] Spectre V2 : Spectre v2 / SpectreRSB mitigation: Filling RSB on context switch
[    0.108005] Spectre V2 : Spectre v2 / PBRSB-eIBRS: Retire a single CALL on VMEXIT
[    0.112004] RETBleed: Mitigation: Enhanced IBRS
[    0.116004] Speculative Store Bypass: Vulnerable
[    0.120199] Freeing SMP alternatives memory: 36K
[    0.237568] APIC calibration not consistent with PM-Timer: 101ms instead of 100ms
[    0.240000] APIC delta adjusted to PM-Timer: 6268678 (6332477)
[    0.240446] smpboot: CPU0: 11th Gen Intel(R) Core(TM) i7-1185G7 @ 3.00GHz (family: 0x6, model: 0x8c, stepping: 0x1)
[    0.248083] Performance Events: unsupported p6 CPU model 140 no PMU driver, software events only.
[    0.252156] Hierarchical SRCU implementation.
[    0.260010] NMI watchdog: Perf event create on CPU 0 failed with -2
[    0.264002] NMI watchdog: Perf NMI watchdog permanently disabled
[    0.268489] smp: Bringing up secondary CPUs ...
[    0.273225] x86: Booting SMP configuration:
[    0.276003] .... node  #0, CPUs:      #1
[    0.004000] kvm-clock: cpu 1, msr 0:7ff44041, secondary cpu clock
[    0.288133] smp: Brought up 1 node, 2 CPUs
[    0.292006] smpboot: Max logical packages: 1
[    0.296008] smpboot: Total of 2 processors activated (11981.83 BogoMIPS)
[    0.300915] devtmpfs: initialized
[    0.304176] x86/mm: Memory block size: 128MB
[    0.309297] evm: security.selinux
[    0.312008] evm: security.SMACK64
[    0.316005] evm: security.SMACK64EXEC
[    0.320005] evm: security.SMACK64TRANSMUTE
[    0.324008] evm: security.SMACK64MMAP
[    0.328004] evm: security.apparmor
[    0.332007] evm: security.ima
[    0.336003] evm: security.capability
[    0.340604] clocksource: jiffies: mask: 0xffffffff max_cycles: 0xffffffff, max_idle_ns: 7645041785100000 ns
[    0.344152] futex hash table entries: 512 (order: 3, 32768 bytes)
[    0.348260] pinctrl core: initialized pinctrl subsystem
[    0.352799] RTC time:  9:58:58, date: 07/06/25
[    0.357238] NET: Registered protocol family 16
[    0.364090] audit: initializing netlink subsys (disabled)
[    0.368286] audit: type=2000 audit(1751795944.197:1): state=initialized audit_enabled=0 res=1
[    0.380020] cpuidle: using governor ladder
[    0.384013] cpuidle: using governor menu
[    0.388072] ACPI: bus type PCI registered
[    0.392004] acpiphp: ACPI Hot Plug PCI Controller Driver version: 0.5
[    0.400431] PCI: Using configuration type 1 for base access
[    0.408364] HugeTLB registered 2.00 MiB page size, pre-allocated 0 pages
[    0.416508] ACPI: Added _OSI(Module Device)
[    0.420004] ACPI: Added _OSI(Processor Device)
[    0.424002] ACPI: Added _OSI(3.0 _SCP Extensions)
[    0.428008] ACPI: Added _OSI(Processor Aggregator Device)
[    0.432020] ACPI: Added _OSI(Linux-Dell-Video)
[    0.436005] ACPI: Added _OSI(Linux-Lenovo-NV-HDMI-Audio)
[    0.440006] ACPI: Added _OSI(Linux-HPI-Hybrid-Graphics)
[    0.444899] ACPI: Executed 1 blocks of module-level executable AML code
[    0.462321] ACPI: Interpreter enabled
[    0.464060] ACPI: (supports S0 S5)
[    0.468005] ACPI: Using IOAPIC for interrupt routing
[    0.472674] PCI: Using host bridge windows from ACPI; if necessary, use "pci=nocrs" and report a bug
[    0.476296] ACPI: Enabled 2 GPEs in block 00 to 07
[    0.494670] ACPI: PCI Root Bridge [PCI0] (domain 0000 [bus 00-ff])
[    0.496023] acpi PNP0A03:00: _OSC: OS supports [ASPM ClockPM Segments MSI]
[    0.501356] acpi PNP0A03:00: _OSC: not requesting OS control; OS requires [ExtendedConfig ASPM ClockPM MSI]
[    0.504025] acpi PNP0A03:00: fail to add MMCONFIG information, can't access extended PCI configuration space under this bridge.
[    0.509094] PCI host bridge to bus 0000:00
[    0.512006] pci_bus 0000:00: root bus resource [io  0x0000-0x0cf7 window]
[    0.516004] pci_bus 0000:00: root bus resource [io  0x0d00-0xffff window]
[    0.520004] pci_bus 0000:00: root bus resource [mem 0x000a0000-0x000bffff window]
[    0.524004] pci_bus 0000:00: root bus resource [mem 0x80000000-0xfdffffff window]
[    0.528006] pci_bus 0000:00: root bus resource [bus 00-ff]
[    0.544000] pci 0000:00:01.1: legacy IDE quirk: reg 0x10: [io  0x01f0-0x01f7]
[    0.544004] pci 0000:00:01.1: legacy IDE quirk: reg 0x14: [io  0x03f6]
[    0.548003] pci 0000:00:01.1: legacy IDE quirk: reg 0x18: [io  0x0170-0x0177]
[    0.552003] pci 0000:00:01.1: legacy IDE quirk: reg 0x1c: [io  0x0376]
[    0.588280] pci 0000:00:07.0: quirk: [io  0x4000-0x403f] claimed by PIIX4 ACPI
[    0.592044] pci 0000:00:07.0: quirk: [io  0x4100-0x410f] claimed by PIIX4 SMB
[    0.610294] ACPI: PCI Interrupt Link [LNKA] (IRQs 5 9 10 *11)
[    0.612837] ACPI: PCI Interrupt Link [LNKB] (IRQs 5 9 *10 11)
[    0.616293] ACPI: PCI Interrupt Link [LNKC] (IRQs 5 *9 10 11)
[    0.620312] ACPI: PCI Interrupt Link [LNKD] (IRQs 5 9 10 *11)
[    0.624870] SCSI subsystem initialized
[    0.628261] pci 0000:00:02.0: vgaarb: setting as boot VGA device
[    0.632000] pci 0000:00:02.0: vgaarb: VGA device added: decodes=io+mem,owns=io+mem,locks=none
[    0.632015] pci 0000:00:02.0: vgaarb: bridge control possible
[    0.636004] vgaarb: loaded
[    0.640114] ACPI: bus type USB registered
[    0.644040] usbcore: registered new interface driver usbfs
[    0.648056] usbcore: registered new interface driver hub
[    0.652017] usbcore: registered new device driver usb
[    0.656324] EDAC MC: Ver: 3.0.0
[    0.664185] PCI: Using ACPI for IRQ routing
[    0.669083] NetLabel: Initializing
[    0.672003] NetLabel:  domain hash size = 128
[    0.676002] NetLabel:  protocols = UNLABELED CIPSOv4 CALIPSO
[    0.680199] NetLabel:  unlabeled traffic allowed by default
[    0.684410] clocksource: Switched to clocksource kvm-clock
[    0.694064] VFS: Disk quotas dquot_6.6.0
[    0.694064] VFS: Dquot-cache hash table entries: 512 (order 0, 4096 bytes)
[    0.694064] AppArmor: AppArmor Filesystem Enabled
[    0.694064] pnp: PnP ACPI init
[    0.694064] pnp: PnP ACPI: found 3 devices
[    0.842040] clocksource: acpi_pm: mask: 0xffffff max_cycles: 0xffffff, max_idle_ns: 2085701024 ns
[    0.844878] NET: Registered protocol family 2
[    0.844878] IP idents hash table entries: 32768 (order: 6, 262144 bytes)
[    0.872903] TCP established hash table entries: 16384 (order: 5, 131072 bytes)
[    0.881900] TCP bind hash table entries: 16384 (order: 6, 262144 bytes)
[    0.890822] TCP: Hash tables configured (established 16384 bind 16384)
[    0.893484] UDP hash table entries: 1024 (order: 3, 32768 bytes)
[    0.893484] UDP-Lite hash table entries: 1024 (order: 3, 32768 bytes)
[    0.893484] NET: Registered protocol family 1
[    0.893484] pci 0000:00:00.0: Limiting direct PCI/PCI transfers
[    0.893484] pci 0000:00:01.0: Activating ISA DMA hang workarounds
[    0.893484] pci 0000:00:02.0: Video device with shadowed ROM at [mem 0x000c0000-0x000dffff]
[    0.893484] Unpacking initramfs...
[    1.633350] Freeing initrd memory: 19528K
[    1.638500] clocksource: tsc: mask: 0xffffffffffffffff max_cycles: 0x2b2d82b9d55, max_idle_ns: 440795257891 ns
[    1.649060] platform rtc_cmos: registered platform RTC device (no PNP device found)
[    1.657153] Scanning for low memory corruption every 60 seconds
[    1.665595] Initialise system trusted keyrings
[    1.670179] Key type blacklist registered
[    1.675131] workingset: timestamp_bits=36 max_order=19 bucket_order=0
[    1.685918] zbud: loaded
[    1.690745] squashfs: version 4.0 (2009/01/31) Phillip Lougher
[    1.698412] fuse init (API version 7.26)
[    1.727950] Key type asymmetric registered
[    1.733828] Asymmetric key parser 'x509' registered
[    1.740253] Block layer SCSI generic (bsg) driver version 0.4 loaded (major 246)
[    1.748334] io scheduler noop registered
[    1.752663] io scheduler deadline registered
[    1.756832] io scheduler cfq registered (default)
[    1.762568] ACPI: AC Adapter [AC] (on-line)
[    1.765985] input: Power Button as /devices/LNXSYSTM:00/LNXPWRBN:00/input/input0
[    1.772363] ACPI: Power Button [PWRF]
[    1.775563] input: Sleep Button as /devices/LNXSYSTM:00/LNXSLPBN:00/input/input1
[    1.782936] ACPI: Sleep Button [SLPF]
[    1.789989] ACPI: Battery Slot [BAT0] (battery present)
[    1.792936] Serial: 8250/16550 driver, 32 ports, IRQ sharing enabled
[    1.831141] 00:02: ttyS0 at I/O 0x3f8 (irq = 4, base_baud = 115200) is a 16550A
[    1.843814] Linux agpgart interface v0.103
[    1.856425] loop: module loaded
[    1.865016] scsi host0: ata_piix
[    1.871468] scsi host1: ata_piix
[    1.881598] ata1: PATA max UDMA/33 cmd 0x1f0 ctl 0x3f6 bmdma 0xd000 irq 14
[    1.898056] ata2: PATA max UDMA/33 cmd 0x170 ctl 0x376 bmdma 0xd008 irq 15
[    1.909707] tun: Universal TUN/TAP device driver, 1.6
[    1.916687] PPP generic driver version 2.4.2
[    1.922462] ehci_hcd: USB 2.0 'Enhanced' Host Controller (EHCI) Driver
[    1.931452] ehci-pci: EHCI PCI platform driver
[    1.937078] ehci-platform: EHCI generic platform driver
[    1.943502] ohci_hcd: USB 1.1 'Open' Host Controller (OHCI) Driver
[    1.950558] ohci-pci: OHCI PCI platform driver
[    1.956020] ohci-platform: OHCI generic platform driver
[    1.962662] uhci_hcd: USB Universal Host Controller Interface driver
[    1.970002] i8042: PNP: PS/2 Controller [PNP0303:PS2K,PNP0f03:PS2M] at 0x60,0x64 irq 1,12
[    1.983734] serio: i8042 KBD port at 0x60,0x64 irq 1
[    1.990439] serio: i8042 AUX port at 0x60,0x64 irq 12
[    1.996595] mousedev: PS/2 mouse device common for all mice
[    2.005346] input: AT Translated Set 2 keyboard as /devices/platform/i8042/serio0/input/input2
[    2.016383] rtc_cmos rtc_cmos: rtc core: registered rtc_cmos as rtc0
[    2.022882] rtc_cmos rtc_cmos: alarms up to one day, 114 bytes nvram
[    2.035567] i2c /dev entries driver
[    2.039445] device-mapper: uevent: version 1.0.3
[    2.046653] device-mapper: ioctl: 4.37.0-ioctl (2017-09-20) initialised: dm-devel@redhat.com
[    2.064858] ledtrig-cpu: registered to indicate activity on CPUs
[    2.146860] NET: Registered protocol family 10
[    2.162524] Segment Routing with IPv6
[    2.167193] NET: Registered protocol family 17
[    2.172475] Key type dns_resolver registered
[    2.178379] mce: Using 0 MCE banks
[    2.182994] RAS: Correctable Errors collector initialized.
[    2.189719] sched_clock: Marking stable (2189605167, 0)->(3371889845, -1182284678)
[    2.202486] registered taskstats version 1
[    2.208788] Loading compiled-in X.509 certificates
[    2.219605] Loaded X.509 cert 'Build time autogenerated kernel key: b5b26778eaa3ab3a4a6cee031137706e947d12ad'
[    2.232144] Loaded X.509 cert 'Canonical Ltd. Live Patch Signing: 14df34d1a87cf37625abec039ef2bf521249b969'
[    2.244348] Loaded X.509 cert 'Canonical Ltd. Kernel Module Signing: 88f752e560a1e0737e31163a466ad7b70a850c19'
[    2.254773] blacklist: Loading compiled-in revocation X.509 certificates
[    2.261602] Loaded X.509 cert 'Canonical Ltd. Secure Boot Signing: 61482aa2830d0ab2ad5af10b7250da9033ddcef0'
[    2.272621] Loaded X.509 cert 'Canonical Ltd. Secure Boot Signing (2017): 242ade75ac4a15e50d50c84b0d45ff3eae707a03'
[    2.284003] Loaded X.509 cert 'Canonical Ltd. Secure Boot Signing (ESM 2018): 365188c1d374d6b07c3c8f240f8ef722433d6a8b'
[    2.297351] Loaded X.509 cert 'Canonical Ltd. Secure Boot Signing (2019): c0746fd6c5da3ae827864651ad66ae47fe24b3e8'
[    2.309020] Loaded X.509 cert 'Canonical Ltd. Secure Boot Signing (2021 v1): a8d54bbb3825cfb94fa13c9f8a594a195c107b8d'
[    2.319029] Loaded X.509 cert 'Canonical Ltd. Secure Boot Signing (2021 v2): 4cf046892d6fd3c9a5b03f98d845f90851dc6a8c'
[    2.329433] Loaded X.509 cert 'Canonical Ltd. Secure Boot Signing (2021 v3): 100437bb6de6e469b581e61cd66bce3ef4ed53af'
[    2.341215] Loaded X.509 cert 'Canonical Ltd. Secure Boot Signing (Ubuntu Core 2019): c1d57b8f6b743f23ee41f4f7ee292f06eecadfb9'
[    2.353936] zswap: loaded using pool lzo/zbud
[    2.370181] Key type big_key registered
[    2.375152] Key type trusted registered
[    2.383723] Key type encrypted registered
[    2.389017] AppArmor: AppArmor sha1 policy hashing enabled
[    2.395364] ima: No TPM chip found, activating TPM-bypass! (rc=-19)
[    2.403709] ima: Allocated hash algorithm: sha1
[    2.413034] evm: HMAC attrs: 0x1
[    2.417748]   Magic number: 1:851:979
[    2.423902] rtc_cmos rtc_cmos: setting system clock to 2025-07-06 09:59:01 UTC (1751795941)
[    2.433079] BIOS EDD facility v0.16 2004-Jun-25, 0 devices found
[    2.440271] EDD information not available.
[    2.451132] Freeing unused kernel image memory: 2480K
[    2.468071] Write protecting the kernel read-only data: 20480k
[    2.477867] Freeing unused kernel image memory: 2008K
[    2.484044] Freeing unused kernel image memory: 1820K
[    2.497764] x86/mm: Checked W+X mappings: passed, no W+X pages found.
Loading, please wait...
starting version 237
[    2.615016] e1000: Intel(R) PRO/1000 Network Driver - version 7.3.21-k8-NAPI
[    2.628330] e1000: Copyright (c) 1999-2006 Intel Corporation.
[    2.654984] Fusion MPT base driver 3.04.20
[    2.660692] Copyright (c) 1999-2008 LSI Corporation
[    2.692796] SSE version of gcm_enc/dec engaged.
[    2.706880] Fusion MPT SPI Host driver 3.04.20
[    3.358589] input: ImExPS/2 Generic Explorer Mouse as /devices/platform/i8042/serio1/input/input4
[    3.399592] e1000 0000:00:03.0 eth0: (PCI:33MHz:32-bit) 02:3b:7b:b7:3b:2d
[    3.409031] e1000 0000:00:03.0 eth0: Intel(R) PRO/1000 Network Connection
[    4.268862] e1000 0000:00:08.0 eth1: (PCI:33MHz:32-bit) 08:00:27:e6:22:a7
[    4.279764] e1000 0000:00:08.0 eth1: Intel(R) PRO/1000 Network Connection
[    4.293247] e1000 0000:00:08.0 enp0s8: renamed from eth1
[    4.300678] mptbase: ioc0: Initiating bringup
[    5.424988] e1000 0000:00:03.0 enp0s3: renamed from eth0
[    5.506871] ioc0: LSI53C1030 A0: Capabilities={Initiator}
[    5.775126] scsi host2: ioc0: LSI53C1030 A0, FwRev=00000000h, Ports=1, MaxQ=256, IRQ=20
[    5.958551] scsi 2:0:0:0: Direct-Access     VBOX     HARDDISK         1.0  PQ: 0 ANSI: 5
[    6.282684] scsi target2:0:0: Beginning Domain Validation
[    6.298011] scsi target2:0:0: Domain Validation skipping write tests
[    6.305329] scsi target2:0:0: Ending Domain Validation
[    6.311312] scsi target2:0:0: asynchronous
[    6.318405] scsi 2:0:1:0: Direct-Access     VBOX     HARDDISK         1.0  PQ: 0 ANSI: 5
[    6.616766] scsi target2:0:1: Beginning Domain Validation
[    6.634356] scsi target2:0:1: Domain Validation skipping write tests
[    6.643433] scsi target2:0:1: Ending Domain Validation
[    6.650626] scsi target2:0:1: asynchronous
[    6.674925] sd 2:0:0:0: Attached scsi generic sg0 type 0
[    6.684289] sd 2:0:0:0: [sda] 83886080 512-byte logical blocks: (42.9 GB/40.0 GiB)
[    6.694780] sd 2:0:0:0: [sda] Write Protect is off
[    6.695132] sd 2:0:1:0: Attached scsi generic sg1 type 0
[    6.712508] sd 2:0:0:0: [sda] Incomplete mode parameter data
[    6.718834] sd 2:0:0:0: [sda] Assuming drive cache: write through
[    6.718971] sd 2:0:1:0: [sdb] 20480 512-byte logical blocks: (10.5 MB/10.0 MiB)
[    6.737447] sd 2:0:1:0: [sdb] Write Protect is off
[    6.745365] sd 2:0:1:0: [sdb] Incomplete mode parameter data
[    6.752157] sd 2:0:1:0: [sdb] Assuming drive cache: write through
[    6.761028]  sda: sda1
[    6.770849] sd 2:0:0:0: [sda] Attached SCSI disk
[    6.781916] sd 2:0:1:0: [sdb] Attached SCSI disk
Begin: Loading essential drivers ... [    9.402461] raid6: sse2x1   gen() 107952 MB/s
[   10.400909] raid6: sse2x1   xor() 116240 MB/s
[   12.405010] raid6: sse2x2   gen() 267288 MB/s
[   14.417964] raid6: sse2x2   xor() 154414 MB/s
[   14.468418] raid6: sse2x4   gen() 11479 MB/s
[   14.520041] raid6: sse2x4   xor()  6354 MB/s
[   14.528540] raid6: using algorithm sse2x2 gen() 267288 MB/s
[   14.544775] raid6: .... xor() 154414 MB/s, rmw enabled
[   14.554313] raid6: using ssse3x2 recovery algorithm
[   14.562123] xor: measuring software checksum speed
[   14.604398]    prefetch64-sse: 21053.000 MB/sec
[   14.652704]    generic_sse: 15563.000 MB/sec
[   14.658894] xor: using function: prefetch64-sse (21053.000 MB/sec)
[   14.668985] async_tx: api initialized (async)
done.
Begin: Running /scripts/init-premount ... done.
Begin: Mounting root file system ... Begin: Running /scripts/local-top ... done.
Begin: Running /scripts/local-premount ... [   14.814417] Btrfs loaded, crc32c=crc32c-intel
Scanning for Btrfs filesystems
done.
Warning: fsck not present, so skipping root file system
[   14.921505] EXT4-fs (sda1): mounted filesystem with ordered data mode. Opts: (null)
done.
Begin: Running /scripts/local-bottom ... done.
Begin: Running /scripts/init-bottom ... done.
[   15.194731] ip_tables: (C) 2000-2006 Netfilter Core Team
[   15.216650] systemd[1]: systemd 237 running in system mode. (+PAM +AUDIT +SELINUX +IMA +APPARMOR +SMACK +SYSVINIT +UTMP +LIBCRYPTSETUP +GCRYPT +GNUTLS +ACL +XZ +LZ4 +SECCOMP +BLKID +ELFUTILS +KMOD -IDN2 +IDN -PCRE2 default-hierarchy=hybrid)
[   15.240030] systemd[1]: Detected virtualization oracle.
[   15.246627] systemd[1]: Detected architecture x86-64.

Welcome to [1mUbuntu 18.04.6 LTS[0m!

[   15.297485] systemd[1]: Set hostname to <ubuntu>.
[   15.308698] systemd[1]: Initializing machine ID from random generator.
[   15.314580] systemd[1]: Installed transient /etc/machine-id file.
[   15.719138] systemd[1]: Reached target System Time Synchronized.
[[0;32m  OK  [0m] Reached target System Time Synchronized.
[   15.729338] systemd[1]: Reached target User and Group Name Lookups.
[[0;32m  OK  [0m] Reached target User and Group Name Lookups.
[   15.742155] systemd[1]: Reached target Swap.
[[0;32m  OK  [0m] Reached target Swap.
[   15.759152] systemd[1]: Created slice User and Session Slice.
[[0;32m  OK  [0m] Created slice User and Session Slice.
[[0;32m  OK  [0m] Reached target Mounting snaps.
[[0;32m  OK  [0m] Set up automount Arbitrary Executab…rmats File System Automount Point.
[[0;32m  OK  [0m] Reached target Mounted snaps.
[[0;32m  OK  [0m] Started Forward Password Requests to Wall Directory Watch.
[[0;32m  OK  [0m] Created slice System Slice.
[[0;32m  OK  [0m] Listening on udev Kernel Socket.
[[0;32m  OK  [0m] Listening on Journal Socket.
         Starting Load Kernel Modules...
[[0;32m  OK  [0m] Listening on Network Service Netlink Socket.
         Mounting Kernel Debug File System...
[[0;32m  OK  [0m] Listening on LVM2 metadata daemon socket.[   15.829471] Loading iSCSI transport class v2.0-870.

[[0;32m  OK  [0m] Listening on Syslog Socket.
[   15.847924] iscsi: registered transport (tcp)
         Mounting POSIX Message Queue File System...
         Starting Set the console keyboard layout...
[[0;32m  OK  [0m] Created slice system-serial\x2dgetty.slice.
[[0;32m  OK  [0m] Listening on /dev/initctl Compatibility Named Pipe.
         Starting Create list of required st…ce nodes for the current kernel...
[[0;32m  OK  [0m] Listening on udev Control Socket.
         Starting Uncomplicated firewall...
[[0;32m  OK  [0m] Listening on fsck to fsckd communication Socket.
         Starting File System Check on Root Device...
         Starting udev Coldplug all Devices...
[[0;32m  OK  [0m] Listening on Device-mapper event daemon FIFOs.
         Starting Monitoring of LVM2 mirrors…ng dmeventd or progress polling...
[[0;32m  OK  [0m] Listening on Journal Socket (/dev/log).
[[0;32m  OK  [0m] Listening on LVM2 poll daemon socket.
[[0;32m  OK  [0m] Listening on Journal Audit Socket.
         Starting Journal Service...
[[0;32m  OK  [0m] Reached target Slices.
         Mounting Huge Pages File System...
[[0;32m  OK  [0m] Mounted Kernel Debug File System.
[[0;32m  OK  [0m] Mounted POSIX Message Queue File System.
[[0;32m  OK  [0m] Started Create list of required sta…vice nodes for the current kernel.
[[0;32m  OK  [0m] Started Uncomplicated firewall.
[[0;32m  OK  [0m] Started File System Check Daemon to report status.
         Starting Create Static Device Nodes in /dev...
[[0;32m  OK  [0m] Mounted Huge Pages File System.
[[0;32m  OK  [0m] Started LVM2 metadata daemon.
[[0;32m  OK  [0m] Started udev Coldplug all Devices.
[[0;32m  OK  [0m] Started Journal Service.
[[0;32m  OK  [0m] Started Create Static Device Nodes in /dev.
[[0;32m  OK  [0m] Started File System Check on Root Device.
[   16.160087] iscsi: registered transport (iser)
         Starting Remount Root and Kernel File Systems...
[[0;32m  OK  [0m] Started Load Kernel Modules.
         Starting Apply Kernel Variables...
         Mounting FUSE Control File System...
         Mounting Kernel Configuration File System...
[[0;32m  OK  [0m] Mounted FUSE Control File System.
[[0;32m  OK  [0m] Mounted Kernel Configuration File System.
[[0;32m  OK  [0m] Started Monitoring of LVM2 mirrors,…sing dmeventd or progress polling.
[[0;32m  OK  [0m] Started Remount Root and Kernel File Systems.
         Starting udev Kernel Device Manager...
         Starting Flush Journal to Persistent Storage...
         Starting Load/Save Random Seed...
[[0;32m  OK  [0m] Started Apply Kernel Variables.
[[0;32m  OK  [0m] Started Load/Save Random Seed.
[[0;32m  OK  [0m] Started udev Kernel Device Manager.
[[0;32m  OK  [0m] Started Flush Journal to Persistent Storage.
[[0;32m  OK  [0m] Found device /dev/ttyS0.
[[0;32m  OK  [0m] Listening on Load/Save RF Kill Switch Status /dev/rfkill Watch.
         Mounting Arbitrary Executable File Formats File System...
[[0;32m  OK  [0m] Mounted Arbitrary Executable File Formats File System.
[[0;32m  OK  [0m] Started Set the console keyboard layout.
[[0;32m  OK  [0m] Reached target Local File Systems (Pre).
[[0;32m  OK  [0m] Reached target Local File Systems.
         Starting Create Volatile Files and Directories...
         Starting Set console font and keymap...
         Starting Commit a transient machine-id on disk...
         Starting ebtables ruleset management...
         Starting AppArmor initialization...
         Starting Tell Plymouth To Write Out Runtime Data...
[[0;32m  OK  [0m] Started Dispatch Password Requests to Console Directory Watch.
[[0;32m  OK  [0m] Reached target Local Encrypted Volumes.
[[0;32m  OK  [0m] Started Tell Plymouth To Write Out Runtime Data.
[[0;32m  OK  [0m] Started Create Volatile Files and Directories.
         Starting Update UTMP about System Boot/Shutdown...
[[0;32m  OK  [0m] Started Update UTMP about System Boot/Shutdown.
[[0;32m  OK  [0m] Started Commit a transient machine-id on disk.
[[0;32m  OK  [0m] Started ebtables ruleset management.
[[0;32m  OK  [0m] Started AppArmor initialization.
         Starting Initial cloud-init job (pre-networking)...
         Starting Load AppArmor profiles managed internally by snapd...
[[0;32m  OK  [0m] Started Load AppArmor profiles managed internally by snapd.
[[0;32m  OK  [0m] Started Set console font and keymap.
[   20.882718] cloud-init[750]: Cloud-init v. 23.1.2-0ubuntu0~18.04.1 running 'init-local' at Sun, 06 Jul 2025 09:59:19 +0000. Up 20.30 seconds.
[[0;32m  OK  [0m] Started Initial cloud-init job (pre-networking).
[[0;32m  OK  [0m] Reached target Network (Pre).
         Starting Network Service...
[[0;32m  OK  [0m] Started Network Service.
         Starting Wait for Network to be Configured...
         Starting Network Name Resolution...
[[0;32m  OK  [0m] Started Network Name Resolution.
[[0;32m  OK  [0m] Reached target Network.
[[0;32m  OK  [0m] Reached target Host and Network Name Lookups.
[[0;32m  OK  [0m] Started Wait for Network to be Configured.
         Starting Initial cloud-init job (metadata service crawler)...
[   23.230720] cloud-init[912]: Cloud-init v. 23.1.2-0ubuntu0~18.04.1 running 'init' at Sun, 06 Jul 2025 09:59:22 +0000. Up 22.95 seconds.
[   23.237942] cloud-init[912]: ci-info: ++++++++++++++++++++++++++++++++++++++++++++Net device info++++++++++++++++++++++++++++++++++++++++++++
[   23.242907] cloud-init[912]: ci-info: +--------+-------+---------------------------------------+---------------+--------+-------------------+
[   23.249673] cloud-init[912]: ci-info: | Device |   Up  |                Address                |      Mask     | Scope  |     Hw-Address    |
[   23.254489] cloud-init[912]: ci-info: +--------+-------+---------------------------------------+---------------+--------+-------------------+
[   23.258457] cloud-init[912]: ci-info: | enp0s3 |  True |               10.0.2.15               | 255.255.255.0 | global | 02:3b:7b:b7:3b:2d |
[   23.262052] cloud-init[912]: ci-info: | enp0s3 |  True | fd17:625c:f037:2:3b:7bff:feb7:3b2d/64 |       .       | global | 02:3b:7b:b7:3b:2d |
[   23.266972] cloud-init[912]: ci-info: | enp0s3 |  True |       fe80::3b:7bff:feb7:3b2d/64      |       .       |  link  | 02:3b:7b:b7:3b:2d |
[   23.271768] cloud-init[912]: ci-info: | enp0s8 | False |                   .                   |       .       |   .    | 08:00:27:e6:22:a7 |
[   23.277881] cloud-init[912]: ci-info: |   lo   |  True |               127.0.0.1               |   255.0.0.0   |  host  |         .         |
[   23.281139] cloud-init[912]: ci-info: |   lo   |  True |                ::1/128                |       .       |  host  |         .         |
[   23.284474] cloud-init[912]: ci-info: +--------+-------+---------------------------------------+---------------+--------+-------------------+
[   23.288313] cloud-init[912]: ci-info: ++++++++++++++++++++++++++++Route IPv4 info+++++++++++++++++++++++++++++
[   23.291359] cloud-init[912]: ci-info: +-------+-------------+----------+-----------------+-----------+-------+
[   23.294569] cloud-init[912]: ci-info: | Route | Destination | Gateway  |     Genmask     | Interface | Flags |
[   23.298320] cloud-init[912]: ci-info: +-------+-------------+----------+-----------------+-----------+-------+
[   23.302086] cloud-init[912]: ci-info: |   0   |   0.0.0.0   | 10.0.2.2 |     0.0.0.0     |   enp0s3  |   UG  |
[   23.304926] cloud-init[912]: ci-info: |   1   |   10.0.2.0  | 0.0.0.0  |  255.255.255.0  |   enp0s3  |   U   |
[   23.307515] cloud-init[912]: ci-info: |   2   |   10.0.2.2  | 0.0.0.0  | 255.255.255.255 |   enp0s3  |   UH  |
[   23.310498] cloud-init[912]: ci-info: +-------+-------------+----------+-----------------+-----------+-------+
[   23.313089] cloud-init[912]: ci-info: ++++++++++++++++++++++++Route IPv6 info++++++++++++++++++++++++
[   23.315604] cloud-init[912]: ci-info: +-------+-----------------------+---------+-----------+-------+
[   23.318440] cloud-init[912]: ci-info: | Route |      Destination      | Gateway | Interface | Flags |
[   23.320918] cloud-init[912]: ci-info: +-------+-----------------------+---------+-----------+-------+
[   23.323852] cloud-init[912]: ci-info: |   1   | fd17:625c:f037:2::/64 |    ::   |   enp0s3  |   U   |
[   23.326828] cloud-init[912]: ci-info: |   2   |       fe80::/64       |    ::   |   enp0s3  |   U   |
[   23.329976] cloud-init[912]: ci-info: |   3   |          ::/0         | fe80::2 |   enp0s3  |   UG  |
[   23.332962] cloud-init[912]: ci-info: |   5   |         local         |    ::   |   enp0s3  |   U   |
[   23.335888] cloud-init[912]: ci-info: |   6   |        ff00::/8       |    ::   |   enp0s3  |   U   |
[   23.338778] cloud-init[912]: ci-info: +-------+-----------------------+---------+-----------+-------+
[   24.579092] cloud-init[912]: Generating public/private rsa key pair.
[   24.581609] cloud-init[912]: Your identification has been saved in /etc/ssh/ssh_host_rsa_key.
[   24.584715] cloud-init[912]: Your public key has been saved in /etc/ssh/ssh_host_rsa_key.pub.
[   24.588099] cloud-init[912]: The key fingerprint is:
[   24.589973] cloud-init[912]: SHA256:22r9D+2nFFYbLPm736fJNHNR/uluZZ+INTrFGsLax/A root@ubuntu-bionic
[   24.604706] cloud-init[912]: The key's randomart image is:
[   24.606962] cloud-init[912]: +---[RSA 2048]----+
[   24.609226] cloud-init[912]: |                 |
[   24.611240] cloud-init[912]: |              o  |
[   24.613300] cloud-init[912]: |             o oo|
[   24.615287] cloud-init[912]: |              oo+|
[   24.617343] cloud-init[912]: |        S   . o+.|
[   24.619108] cloud-init[912]: |         * . B .B|
[   24.620774] cloud-init[912]: |        +.* O O+*|
[   24.622122] cloud-init[912]: |       ..o.E B.B*|
[   24.623512] cloud-init[912]: |       .. ..o.XB=|
[   24.625351] cloud-init[912]: +----[SHA256]-----+
[   24.627146] cloud-init[912]: Generating public/private dsa key pair.
[   24.629661] cloud-init[912]: Your identification has been saved in /etc/ssh/ssh_host_dsa_key.
[   24.632498] cloud-init[912]: Your public key has been saved in /etc/ssh/ssh_host_dsa_key.pub.
[   24.635266] cloud-init[912]: The key fingerprint is:
[   24.636853] cloud-init[912]: SHA256:T6NWqy+kT42ecDZYNGzPNlBzIHjo8p/mMkdkzHYVrps root@ubuntu-bionic
[   24.639298] cloud-init[912]: The key's randomart image is:
[   24.641247] cloud-init[912]: +---[DSA 1024]----+
[   24.642864] cloud-init[912]: |       o. +.o.   |
[   24.644515] cloud-init[912]: |      o..o +.    |
[   24.646183] cloud-init[912]: |     . +*  ..    |
[   24.647768] cloud-init[912]: |    . .o*=..     |
[   24.649361] cloud-init[912]: |     o +S.X      |
[   24.650892] cloud-init[912]: |      .ooO *     |
[   24.652641] cloud-init[912]: |      o=O.E      |
[   24.654454] cloud-init[912]: |      +B*+       |
[   24.656494] cloud-init[912]: |       B*o.      |
[   24.658443] cloud-init[912]: +----[SHA256]-----+
[   24.660622] cloud-init[912]: Generating public/private ecdsa key pair.
[   24.663293] cloud-init[912]: Your identification has been saved in /etc/ssh/ssh_host_ecdsa_key.
[   24.666864] cloud-init[912]: Your public key has been saved in /etc/ssh/ssh_host_ecdsa_key.pub.
[   24.669934] cloud-init[912]: The key fingerprint is:
[   24.671821] cloud-init[912]: SHA256:/CSwwQfc+cw5OjgH1hLCgDuKNlUbWGED/0X5jjywAFA root@ubuntu-bionic
[   24.675325] cloud-init[912]: The key's randomart image is:
[   24.677593] cloud-init[912]: +---[ECDSA 256]---+
[   24.679529] cloud-init[912]: | o+E+*o. o.      |
[   24.681577] cloud-init[912]: |.  o=++.+.       |
[   24.683626] cloud-init[912]: | .  oo*o.=..     |
[   24.685695] cloud-init[912]: |o  . o=Bo *.     |
[   24.687612] cloud-init[912]: |o..  .o=S.+.     |
[[   24.707450] cloud-init[912]: |oo    o.+B .     |
[   24.707754] cloud-init[912]: |. .    o .o      |
[   24.707770] cloud-init[912]: |                 |
[   24.707783] cloud-init[912]: |                 |
[   24.707802] cloud-init[912]: +----[SHA256]-----+
[   24.707816] cloud-init[912]: Generating public/private ed25519 key pair.
[   24.707829] cloud-init[912]: Your identification has been saved in /etc/ssh/ssh_host_ed25519_key.
[   24.707843] cloud-init[912]: Your public key has been saved in /etc/ssh/ssh_host_ed25519_key.pub.
[   24.707857] cloud-init[912]: The key fingerprint is:
[   24.707870] cloud-init[912]: SHA256:RNU5jXGG06E1iNCzymeOqn3CVSQsEfVOl0vMsENFiPI root@ubuntu-bionic
[   24.707883] cloud-init[912]: The key's randomart image is:
[   24.707895] cloud-init[912]: +--[ED25519 256]--+
[   24.707907] cloud-init[912]: |      o=+=+*+O*. |
[   24.707922] cloud-init[912]: |      o.+o*=O*o. |
[   24.707940] cloud-init[912]: |       +.o=oBo   |
[   24.707955] cloud-init[912]: |       .Eoo+ .   |
[   24.709608] cloud-init[912]: |       .So. .    |
[   24.710200] cloud-init[912]: |        + o      |
[   24.710830] cloud-init[912]: |     . . =       |
[   24.711452] cloud-init[912]: |     .o o .      |
[   24.712436] cloud-init[912]: |    ..o+         |
[   24.712462] cloud-init[912]: +----[SHA256]-----+
[0;32m  OK  [0m] Started Initial cloud-init job (metadata service crawler).
[[0;32m  OK  [0m] Reached target Network is Online.
         Starting Availability of block devices...
[[0;32m  OK  [0m] Reached target Remote File Systems (Pre).
[[0;32m  OK  [0m] Reached target Remote File Systems.
[[0;32m  OK  [0m] Reached target System Initialization.
         Starting LXD - unix socket.
[[0;32m  OK  [0m] Listening on cloud-init hotplug hook socket.
[[0;32m  OK  [0m] Started ACPI Events Check.
[[0;32m  OK  [0m] Started Daily Cleanup of Temporary Directories.
[[0;32m  OK  [0m] Listening on ACPID Listen Socket.
[[0;32m  OK  [0m] Started Ubuntu Advantage Timer for running repeated jobs.
[[0;32m  OK  [0m] Started Daily apt download activities.
[[0;32m  OK  [0m] Listening on Open-iSCSI iscsid Socket.
[[0;32m  OK  [0m] Reached target Paths.
[[0;32m  OK  [0m] Started Discard unused blocks once a week.
[[0;32m  OK  [0m] Started Message of the Day.
[[0;32m  OK  [0m] Listening on UUID daemon activation socket.
[[0;32m  OK  [0m] Listening on D-Bus System Message Bus Socket.
[[0;32m  OK  [0m] Started Daily apt upgrade and clean activities.
[[0;32m  OK  [0m] Reached target Timers.
         Starting Socket activation for snappy daemon.
[[0;32m  OK  [0m] Reached target Cloud-config availability.
[[0;32m  OK  [0m] Started Availability of block devices.
[[0;32m  OK  [0m] Listening on LXD - unix socket.
[[0;32m  OK  [0m] Listening on Socket activation for snappy daemon.
[[0;32m  OK  [0m] Reached target Sockets.
[[0;32m  OK  [0m] Reached target Basic System.
         Starting Permit User Sessions...
[[0;32m  OK  [0m] Started Deferred execution scheduler.
         Starting LSB: automatic crash report generation...
         Starting Pollinate to seed the pseudo random number generator...
         Starting System Logging Service...
         Starting Dispatcher daemon for systemd-networkd...
         Starting Accounts Service...
[[0;32m  OK  [0m] Started irqbalance daemon.
[[0;32m  OK  [0m] Reached target Login Prompts (Pre).
[[0;32m  OK  [0m] Started Regular background program processing daemon.
         Starting Virtualbox guest utils...
[[0;32m  OK  [0m] Started D-Bus System Message Bus.
         Starting Snap Daemon...
         Starting LSB: Record successful boot for GRUB...
[[0;32m  OK  [0m] Started FUSE filesystem for LXC.
         Starting LXD - container startup/shutdown...
         Starting Login Service...
[[0;32m  OK  [0m] Started System Logging Service.
[[0;32m  OK  [0m] Started Permit User Sessions.
[[0;32m  OK  [0m] Started Login Service.
[[0;32m  OK  [0m] Started Unattended Upgrades Shutdown.
         Starting Authorization Manager...
         Starting Hostname Service...
         Starting Terminate Plymouth Boot Screen...
         Starting Hold until boot process finishes up...
[[0;32m  OK  [0m] Started Hold until boot process finishes up.
[[0;32m  OK  [0m] Started Serial Getty on ttyS0.
         Starting Set console scheme...
[[0;32m  OK  [0m] Started Terminate Plymouth Boot Screen.
[[0;32m  OK  [0m] Started LSB: automatic crash report generation.
[[0;32m  OK  [0m] Started Set console scheme.
[[0;32m  OK  [0m] Created slice system-getty.slice.
[[0;32m  OK  [0m] Started Getty on tty1.
[[0;32m  OK  [0m] Reached target Login Prompts.
[[0;32m  OK  [0m] Started Authorization Manager.
[[0;32m  OK  [0m] Started Accounts Service.
[[0;32m  OK  [0m] Started Hostname Service.
[[0;32m  OK  [0m] Started LXD - container startup/shutdown.
[[0;32m  OK  [0m] Started Dispatcher daemon for systemd-networkd.
[[0;32m  OK  [0m] Started LSB: Record successful boot for GRUB.
[[0;32m  OK  [0m] Started Virtualbox guest utils.
[[0;32m  OK  [0m] Started Snap Daemon.
         Starting Wait until snapd is fully seeded...
[[0;32m  OK  [0m] Started Pollinate to seed the pseudo random number generator.
         Starting OpenBSD Secure Shell server...
[[0;32m  OK  [0m] Started OpenBSD Secure Shell server.
         Starting Time & Date Service...
[[0;32m  OK  [0m] Created slice User Slice of vagrant.
         Starting User Manager for UID 1000...
[[0;32m  OK  [0m] Started Session 1 of user vagrant.
[[0;32m  OK  [0m] Started Time & Date Service.
[[0;32m  OK  [0m] Started User Manager for UID 1000.
[[0;32m  OK  [0m] Started Wait until snapd is fully seeded.
         Starting Apply the settings specified in cloud-config...

Ubuntu 18.04.6 LTS ubuntu-bionic ttyS0

ubuntu-bionic login: [   32.154432] cloud-init[1541]: Cloud-init v. 23.1.2-0ubuntu0~18.04.1 running 'modules:config' at Sun, 06 Jul 2025 09:59:30 +0000. Up 30.93 seconds.
ci-info: no authorized SSH keys fingerprints found for user ubuntu.
<14>Jul  6 09:59:32 cloud-init: #############################################################
<14>Jul  6 09:59:32 cloud-init: -----BEGIN SSH HOST KEY FINGERPRINTS-----
<14>Jul  6 09:59:32 cloud-init: 1024 SHA256:T6NWqy+kT42ecDZYNGzPNlBzIHjo8p/mMkdkzHYVrps root@ubuntu-bionic (DSA)
<14>Jul  6 09:59:32 cloud-init: 256 SHA256:/CSwwQfc+cw5OjgH1hLCgDuKNlUbWGED/0X5jjywAFA root@ubuntu-bionic (ECDSA)
<14>Jul  6 09:59:32 cloud-init: 256 SHA256:RNU5jXGG06E1iNCzymeOqn3CVSQsEfVOl0vMsENFiPI root@ubuntu-bionic (ED25519)
<14>Jul  6 09:59:32 cloud-init: 2048 SHA256:22r9D+2nFFYbLPm736fJNHNR/uluZZ+INTrFGsLax/A root@ubuntu-bionic (RSA)
<14>Jul  6 09:59:32 cloud-init: -----END SSH HOST KEY FINGERPRINTS-----
<14>Jul  6 09:59:32 cloud-init: #############################################################
-----BEGIN SSH HOST KEY KEYS-----
ecdsa-sha2-nistp256 AAAAE2VjZHNhLXNoYTItbmlzdHAyNTYAAAAIbmlzdHAyNTYAAABBBEIjVf8s9/5Ltrwy3OOKTemctUa2A8YIBmN1gqyJKgeO1LN9/EuMfSaumMySZm/TkvG1ilrgR32Arr1rTnHgvHA= root@ubuntu-bionic
ssh-ed25519 AAAAC3NzaC1lZDI1NTE5AAAAIDx53vPs16Hn+ZewB0NIVwncG+NYSSkJE3L3Wpw2GUdG root@ubuntu-bionic
ssh-rsa AAAAB3NzaC1yc2EAAAADAQABAAABAQDKQVfI4ZOGZgbwJgTGt70LxugqH6kqosvHTeocTfi+yUMtV9u0nTaLveR5qYuxUxDBXy3tB6GRXPC7KoORXx9Nba3ksupWxg+iR82IDDL6rV++TSSDrzvGu+pSkcoz14+qiSd5xJCSCwGTqUmWkLOsVtfarwXr6eRFLlNvoBlUmdmVEnislbKRqeK3NJDldCpeAjhDYKcYHzrFNrtC2LTHurg8mGYoCLwP8SPIoJ5D4g3YaVDgd9B3B9CJ30o/G7fVr0WfNnadw4aS5Yz9JX/2aiopJKGr06FHvQ/Y2YQJ0HLzKUlcaGyAP1kqqGLECTYF/pHIMV/mKTMIOgEjSm89 root@ubuntu-bionic
-----END SSH HOST KEY KEYS-----
[   33.501536] cloud-init[1667]: Cloud-init v. 23.1.2-0ubuntu0~18.04.1 running 'modules:final' at Sun, 06 Jul 2025 09:59:32 +0000. Up 33.03 seconds.
[   33.501714] cloud-init[1667]: Cloud-init v. 23.1.2-0ubuntu0~18.04.1 finished at Sun, 06 Jul 2025 09:59:32 +0000. Datasource DataSourceNoCloud [seed=/dev/sdb][dsmode=net].  Up 33.48 seconds
